[Tue Feb  3 12:24:38 AM PST 2026] Starting Daily Store Update...
Saved 45 deals to /home/hawkatoad/Desktop/anti gravity/passive-income-store/automation/raw_deals.json
Enhanced 10 deals.
Successfully updated products.js with fresh deals.
[Tue Feb  3 12:24:40 AM PST 2026] Store Update Complete.
-----------------------------------
[Tue Feb  3 12:30:30 AM PST 2026] Starting Daily Store Update...
Failed to fetch Woot Electronics: 404
Failed to fetch Woot Home: 404
Saved 65 deals to /home/hawkatoad/Desktop/anti gravity/passive-income-store/automation/raw_deals.json
Enhanced 10 deals.
Successfully updated products.js with fresh deals.
[Tue Feb  3 12:30:35 AM PST 2026] Store Update Complete.
-----------------------------------
[Tue Feb  3 08:00:01 AM PST 2026] Starting Daily Store Update...
Failed to fetch Woot Electronics: 404
Failed to fetch Woot Home: 404
Saved 65 deals to /home/hawkatoad/Desktop/anti gravity/passive-income-store/automation/raw_deals.json
Enhanced 10 deals.
Successfully updated products.js with fresh deals.
[Tue Feb  3 08:00:10 AM PST 2026] Store Update Complete.
-----------------------------------
[Wed Feb  4 03:17:35 AM PST 2026] Starting Daily Store Update...
Failed to fetch Woot Electronics: 404
Failed to fetch Woot Home: 404
Saved 69 deals to /home/hawkatoad/Desktop/anti gravity/passive-income-store/automation/raw_deals.json
Enhanced 10 deals.
Successfully updated products.js with fresh deals.
[Wed Feb  4 03:18:04 AM PST 2026] Store Update Complete.
-----------------------------------
[Wed Feb  4 08:00:01 AM PST 2026] Starting Daily Store Update...
Failed to fetch Woot Electronics: 404
Failed to fetch Woot Home: 404
Saved 79 deals to /home/hawkatoad/Desktop/anti gravity/passive-income-store/automation/raw_deals.json
Enhanced 10 deals.
Successfully updated products.js with fresh deals.
[Wed Feb  4 08:00:09 AM PST 2026] Store Update Complete.
-----------------------------------
[Wed Feb  4 08:49:51 AM PST 2026] Starting Daily Store Update...
Failed to fetch Woot Electronics: 404
Failed to fetch Woot Home: 404
Saved 80 deals to /home/hawkatoad/Desktop/anti gravity/passive-income-store/automation/raw_deals.json
Enhanced 10 deals.
Successfully updated products.js with fresh deals.
[Wed Feb  4 08:50:00 AM PST 2026] Store Update Complete.
-----------------------------------
[Mon Feb  9 12:21:22 AM PST 2026] Starting Daily Store Update...
Failed to fetch Woot Electronics: 404
Failed to fetch Woot Home: 404
Saved 65 deals to /home/hawkatoad/Desktop/anti gravity/passive-income-store/automation/raw_deals.json
Enhanced 10 deals.
🤖 Social Media Promoter v2.0 Starting...
Daily post generated at /home/hawkatoad/Desktop/anti gravity/passive-income-store/automation/daily_post.txt
------------------------------
🚀 NEW DEALS JUST DROPPED! 🚀

1. Must-Have: 24-Pack 2.8oz Purina Fancy Feast Gourmet Wet Cat Food (Petites Variety) $17.80 w/ Subscribe & Save
👉 Grab it here: https://slickdeals.net/f/19184677-purina-fancy-feast-gourmet-wet-cat-food-variety-pack-petites-gravy-collection-48-servings-pack-of-24-2-8-oz-tubs-17-78-or-less-s-s?utm_source=rss&utm_content=fp&utm_medium=RSS2&ref=money_maker_2026

2. Unbeatable: Corsair RM1200x Shift Series 80+ Gold 1200W ATX 3.1 Fully Modular Power Supply $140 + Free S/H
👉 Grab it here: https://slickdeals.net/f/19188127-1200w-corsair-rmx-shift-series-rm1200x-80-plus-gold-atx-power-supply-140-free-shipping?utm_source=rss&utm_content=fp&utm_medium=RSS2&ref=money_maker_2026

3. Unbeatable: 8-Pairs Amazon Essentials Men's Retro Stripe Crew Sock $5.50 
👉 Grab it here: https://slickdeals.net/f/19188163-5-48-8-pairs-amazon-essentials-men-s-retro-stripe-crew-sock-at-amazon?utm_source=rss&utm_content=fp&utm_medium=RSS2&ref=money_maker_2026

Check out the full store for more: https://lunus420.github.io/passive-income-store/
#PassiveIncome #Deals #Shopping #Automation
------------------------------
✅ Promotion Update Complete!
Successfully updated products.js with fresh deals.
[Mon Feb  9 12:21:32 AM PST 2026] Store Update Complete.
-----------------------------------
[Mon Feb  9 12:27:35 AM PST 2026] Starting Daily Store Update...
Failed to fetch Woot Electronics: 404
Failed to fetch Woot Home: 404
Saved 65 deals to /home/hawkatoad/Desktop/anti gravity/passive-income-store/automation/raw_deals.json
Enhanced 10 deals.
🤖 Social Media Promoter v2.0 Starting...
Daily post generated at /home/hawkatoad/Desktop/anti gravity/passive-income-store/automation/daily_post.txt
------------------------------
🔥 TODAY'S TOP GLOBAL DEALS ARE IN! 🔥

1. Insane: 24-Pack 2.8oz Purina Fancy Feast Gourmet Wet Cat Food (Petites Variety) $17.80 w/ Subscribe & Save
👉 Grab it here: https://slickdeals.net/f/19184677-purina-fancy-feast-gourmet-wet-cat-food-variety-pack-petites-gravy-collection-48-servings-pack-of-24-2-8-oz-tubs-17-78-or-less-s-s?utm_source=rss&utm_content=fp&utm_medium=RSS2&ref=money_maker_2026

2. Must-Have: Corsair RM1200x Shift Series 80+ Gold 1200W ATX 3.1 Fully Modular Power Supply $140 + Free S/H
👉 Grab it here: https://slickdeals.net/f/19188127-1200w-corsair-rmx-shift-series-rm1200x-80-plus-gold-atx-power-supply-140-free-shipping?utm_source=rss&utm_content=fp&utm_medium=RSS2&ref=money_maker_2026

3. Unbeatable: 8-Pairs Amazon Essentials Men's Retro Stripe Crew Sock $5.50 
👉 Grab it here: https://slickdeals.net/f/19188163-5-48-8-pairs-amazon-essentials-men-s-retro-stripe-crew-sock-at-amazon?utm_source=rss&utm_content=fp&utm_medium=RSS2&ref=money_maker_2026

Check out the full store for more: https://lunus420.github.io/passive-income-store/
#PassiveIncome #Deals #Shopping #Automation
------------------------------
✅ Promotion Update Complete!
Successfully updated products.js with fresh deals.
[Mon Feb  9 12:27:42 AM PST 2026] Store Update Complete.
-----------------------------------
[Mon Feb  9 12:27:58 AM PST 2026] Starting Daily Store Update...
Failed to fetch Woot Electronics: 404
Failed to fetch Woot Home: 404
Saved 65 deals to /home/hawkatoad/Desktop/anti gravity/passive-income-store/automation/raw_deals.json
Enhanced 50 deals.
🤖 Social Media Promoter v2.0 Starting...
Daily post generated at /home/hawkatoad/Desktop/anti gravity/passive-income-store/automation/daily_post.txt
------------------------------
🔥 TODAY'S TOP GLOBAL DEALS ARE IN! 🔥

1. Epic: 24-Pack 2.8oz Purina Fancy Feast Gourmet Wet Cat Food (Petites Variety) $17.80 w/ Subscribe & Save
👉 Grab it here: https://slickdeals.net/f/19184677-purina-fancy-feast-gourmet-wet-cat-food-variety-pack-petites-gravy-collection-48-servings-pack-of-24-2-8-oz-tubs-17-78-or-less-s-s?utm_source=rss&utm_content=fp&utm_medium=RSS2&ref=money_maker_2026

2. Must-Have: Corsair RM1200x Shift Series 80+ Gold 1200W ATX 3.1 Fully Modular Power Supply $140 + Free S/H
👉 Grab it here: https://slickdeals.net/f/19188127-1200w-corsair-rmx-shift-series-rm1200x-80-plus-gold-atx-power-supply-140-free-shipping?utm_source=rss&utm_content=fp&utm_medium=RSS2&ref=money_maker_2026

3. Insane: 8-Pairs Amazon Essentials Men's Retro Stripe Crew Sock $5.50 
👉 Grab it here: https://slickdeals.net/f/19188163-5-48-8-pairs-amazon-essentials-men-s-retro-stripe-crew-sock-at-amazon?utm_source=rss&utm_content=fp&utm_medium=RSS2&ref=money_maker_2026

Check out the full store for more: https://lunus420.github.io/passive-income-store/
#PassiveIncome #Deals #Shopping #Automation
------------------------------
✅ Promotion Update Complete!
Successfully updated products.js with fresh deals.
[Mon Feb  9 12:28:02 AM PST 2026] Store Update Complete.
-----------------------------------
[Mon Feb  9 02:10:37 AM PST 2026] Starting Daily Store Update...
Failed to fetch Woot Electronics: 404
Failed to fetch Woot Home: 404
Saved 65 deals to /home/hawkatoad/Desktop/anti gravity/passive-income-store/automation/raw_deals.json
Enhanced 50 deals.
🤖 Social Media Promoter v2.0 Starting...
Daily post generated at /home/hawkatoad/Desktop/anti gravity/passive-income-store/automation/daily_post.txt
------------------------------
🚀 NEW DEALS JUST DROPPED! 🚀

1. Must-Have: DEWALT FLEXVOLT 60V Brushless Battery Powered Blower w/ 9Ah Battery & Charger $260 + Free S/H w/ Prime
👉 Grab it here: https://slickdeals.net/f/19184293-dewalt-dcbl772x1-flexvolt-60v-max-blower-125-mph-600-cfm-kit-with-9ah-battery-and-charger-260?utm_source=rss&utm_content=fp&utm_medium=RSS2&ref=money_maker_2026

2. Exclusive: WEN 16" 1.2 Amp 2-Direction Variable Speed Scroll Saw w/ Flexible Worklight $99.95 + Free S/H
👉 Grab it here: https://slickdeals.net/f/19188406-99-96-wen-16-two-direction-variable-speed-scroll-saw-w-work-light-at-amazon?utm_source=rss&utm_content=fp&utm_medium=RSS2&ref=money_maker_2026

3. Unbeatable: 2-Piece Armani Beauty Men's Stronger With You Parfum Set (Full & Travel Sized) $87 + Free Shipping
👉 Grab it here: https://slickdeals.net/f/19188952-armani-beauty-stronger-with-you-parfum-men-s-cologne-2-piece-set-woody-ambery-fragrance-full-size-3-4-fl-oz-travel-size-0-5-fl-oz-87-at-armani-beauty-via-amazon?utm_source=rss&utm_content=fp&utm_medium=RSS2&ref=money_maker_2026

Check out the full store for more: https://lunus420.github.io/passive-income-store/
#PassiveIncome #Deals #Shopping #Automation
------------------------------
✅ Promotion Update Complete!
Successfully updated products.js with fresh deals.
[Mon Feb  9 02:10:44 AM PST 2026] Store Update Complete.
-----------------------------------
[Mon Feb  9 08:00:01 AM PST 2026] Starting Daily Store Update...
Failed to fetch Woot Electronics: 404
Failed to fetch Woot Home: 404
Saved 65 deals to /home/hawkatoad/Desktop/anti gravity/passive-income-store/automation/raw_deals.json
Enhanced 50 deals.
🤖 Social Media Promoter v2.0 Starting...
Daily post generated at /home/hawkatoad/Desktop/anti gravity/passive-income-store/automation/daily_post.txt
------------------------------
💰 START SAVING NOW: TODAY'S HIGHLIGHTS 💰

1. Unbeatable: Slickdeals Daily Draw Giveaway – Enter Now for a Chance to Win! (See Official Rules) 
👉 Grab it here: https://slickdeals.net/f/18822175-slickdeals-daily-draw-giveaway-enter-now-for-a-chance-to-win-see-official-rules?utm_source=rss&utm_content=fp&utm_medium=RSS2&ref=money_maker_2026

2. Epic: 6-Oz Shameless Pets Soft-Baked Dog Treats (Blueberried Treasure) $2.40 w/ Subscribe & Save
👉 Grab it here: https://slickdeals.net/f/19188121-sns-ac-2-39-6-oz-shameless-pets-soft-baked-dog-treats-blueberried-treasure-at-amazon?utm_source=rss&utm_content=fp&utm_medium=RSS2&ref=money_maker_2026

3. Insane: Dirty Dancing: 35th Anniversary Edition (4K Ultra HD + Blu-ray + Digital) $8.15 
👉 Grab it here: https://slickdeals.net/f/19190554-8-15-dirty-dancing-35th-anniversary-edition-4k-ultra-hd-blu-ray-digital-4k-at-amazon?utm_source=rss&utm_content=fp&utm_medium=RSS2&ref=money_maker_2026

Check out the full store for more: https://lunus420.github.io/passive-income-store/
#PassiveIncome #Deals #Shopping #Automation
------------------------------
✅ Promotion Update Complete!
Successfully updated products.js with fresh deals.
[Mon Feb  9 08:00:09 AM PST 2026] Store Update Complete.
-----------------------------------
[Tue Feb 10 08:00:02 AM PST 2026] Starting Daily Store Update...
Failed to fetch Woot Electronics: 404
Failed to fetch Woot Home: 404
Saved 65 deals to /home/hawkatoad/Desktop/anti gravity/passive-income-store/automation/raw_deals.json
Enhanced 50 deals.
🤖 Social Media Promoter v2.0 Starting...
Daily post generated at /home/hawkatoad/Desktop/anti gravity/passive-income-store/automation/daily_post.txt
------------------------------
🚀 NEW DEALS JUST DROPPED! 🚀

1. Premium: Slickdeals Daily Draw Giveaway – Enter Now for a Chance to Win! (See Official Rules) 
👉 Grab it here: https://slickdeals.net/f/18822175-slickdeals-daily-draw-giveaway-enter-now-for-a-chance-to-win-see-official-rules?utm_source=rss&utm_content=fp&utm_medium=RSS2&ref=money_maker_2026

2. Must-Have: SMARTDEVIL iPhone 17 Case with 360° Magnetic Stand (Various) from $4.75 
👉 Grab it here: https://slickdeals.net/f/19191973-smartdevil-for-iphone-17-case-with-360-magnetic-stand-various-from-4-74-free-shipping-w-prime-or-on-35?utm_source=rss&utm_content=fp&utm_medium=RSS2&ref=money_maker_2026

3. Must-Have: 22-Oz Ello Pop and Fill Stainless Steel Insulated Water Bottle (Pastel Paradise) $11.35 & More
👉 Grab it here: https://slickdeals.net/f/19194223-22-oz-ello-pop-and-fill-stainless-steel-water-bottle-pastel-paradise-11-33-more-free-shipping-w-prime-or-on-35?utm_source=rss&utm_content=fp&utm_medium=RSS2&ref=money_maker_2026

Check out the full store for more: https://lunus420.github.io/passive-income-store/
#PassiveIncome #Deals #Shopping #Automation
------------------------------
✅ Promotion Update Complete!
Successfully updated products.js with fresh deals.
[Tue Feb 10 08:00:11 AM PST 2026] Store Update Complete.
-----------------------------------
[Tue Feb 10 12:46:40 PM PST 2026] Starting Daily Store Update...
Failed to fetch Woot Electronics: 404
Failed to fetch Woot Home: 404
Saved 65 deals to /home/hawkatoad/Desktop/anti gravity/passive-income-store/automation/raw_deals.json
Enhanced 50 deals.
🤖 Social Media Promoter v2.0 Starting...
Daily post generated at /home/hawkatoad/Desktop/anti gravity/passive-income-store/automation/daily_post.txt
------------------------------
🔥 TODAY'S TOP GLOBAL DEALS ARE IN! 🔥

1. Insane: adidas Tiro Pro Soccer Ball (Size 5, White / Black / Iron Metallic / Power Red) $26.40 + $4.95 Shipping
👉 Grab it here: https://slickdeals.net/f/19185604-adidas-size-5-tiro-pro-soccer-ball-fifa-quality-pro-33?utm_source=rss&utm_content=fp&utm_medium=RSS2&ref=money_maker_2026

2. Premium: 2316-Piece LEGO Ideas Vincent van Gogh The Starry Night  Building Set $139 + Free Shipping
👉 Grab it here: https://slickdeals.net/f/19185493-2316-piece-lego-ideas-vincent-van-gogh-the-starry-night-building-set-139-free-shipping?utm_source=rss&utm_content=fp&utm_medium=RSS2&ref=money_maker_2026

3. Unbeatable: adidas Lunar New Year Sale: Select Items: 35% Off + Free Shipping
👉 Grab it here: https://slickdeals.net/f/19182667-adidas-35-off-lunar-new-year-sale-free-shipping?utm_source=rss&utm_content=fp&utm_medium=RSS2&ref=money_maker_2026

Check out the full store for more: https://lunus420.github.io/passive-income-store/
#PassiveIncome #Deals #Shopping #Automation
------------------------------
✅ Promotion Update Complete!
Successfully updated products.js with fresh deals.
[Tue Feb 10 12:46:45 PM PST 2026] Store Update Complete.
-----------------------------------
[Tue Feb 10 12:47:35 PM PST 2026] Starting Daily Store Update...
Failed to fetch Woot Electronics: 404
Failed to fetch Woot Home: 404
Saved 65 deals to /home/hawkatoad/Desktop/anti gravity/passive-income-store/automation/raw_deals.json
Enhanced 50 deals.
🤖 Social Media Promoter v2.0 Starting...
Daily post generated at /home/hawkatoad/Desktop/anti gravity/passive-income-store/automation/daily_post.txt
------------------------------
🔥 TODAY'S TOP GLOBAL DEALS ARE IN! 🔥

1. Unbeatable: adidas Tiro Pro Soccer Ball (Size 5, White / Black / Iron Metallic / Power Red) $26.40 + $4.95 Shipping
👉 Grab it here: https://slickdeals.net/f/19185604-adidas-size-5-tiro-pro-soccer-ball-fifa-quality-pro-33?utm_source=rss&utm_content=fp&utm_medium=RSS2&ref=money_maker_2026

2. Epic: 2316-Piece LEGO Ideas Vincent van Gogh The Starry Night  Building Set $139 + Free Shipping
👉 Grab it here: https://slickdeals.net/f/19185493-2316-piece-lego-ideas-vincent-van-gogh-the-starry-night-building-set-139-free-shipping?utm_source=rss&utm_content=fp&utm_medium=RSS2&ref=money_maker_2026

3. Must-Have: adidas Lunar New Year Sale: Select Items: 35% Off + Free Shipping
👉 Grab it here: https://slickdeals.net/f/19182667-adidas-35-off-lunar-new-year-sale-free-shipping?utm_source=rss&utm_content=fp&utm_medium=RSS2&ref=money_maker_2026

Check out the full store for more: https://lunus420.github.io/passive-income-store/
#PassiveIncome #Deals #Shopping #Automation
------------------------------
✅ Promotion Update Complete!
Successfully updated products.js with fresh deals.
[Tue Feb 10 12:47:38 PM PST 2026] Store Update Complete.
-----------------------------------
[Tue Feb 10 12:49:50 PM PST 2026] Starting Daily Store Update...
Failed to fetch Woot Electronics: 404
Failed to fetch Woot Home: 404
Saved 65 deals to /home/hawkatoad/Desktop/anti gravity/passive-income-store/automation/raw_deals.json
Enhanced 50 deals.
🤖 Social Media Promoter v2.0 Starting...
Daily post generated at /home/hawkatoad/Desktop/anti gravity/passive-income-store/automation/daily_post.txt
------------------------------
🚀 NEW DEALS JUST DROPPED! 🚀

1. Insane: Fluke BK120 SmartTrace Breaker Finder & Socket Tester $59 + Free Shipping
👉 Grab it here: https://slickdeals.net/f/19141516-fluke-bk120-smarttrace-breaker-finder-and-socket-tester-59-fs-amazon-home-depot?utm_source=rss&utm_content=fp&utm_medium=RSS2&ref=money_maker_2026

2. Exclusive: adidas Tiro Pro Soccer Ball (Size 5, White / Black / Iron Metallic / Power Red) $26.40 + $4.95 Shipping
👉 Grab it here: https://slickdeals.net/f/19185604-adidas-size-5-tiro-pro-soccer-ball-fifa-quality-pro-33?utm_source=rss&utm_content=fp&utm_medium=RSS2&ref=money_maker_2026

3. Unbeatable: 2316-Piece LEGO Ideas Vincent van Gogh The Starry Night  Building Set $139 + Free Shipping
👉 Grab it here: https://slickdeals.net/f/19185493-2316-piece-lego-ideas-vincent-van-gogh-the-starry-night-building-set-139-free-shipping?utm_source=rss&utm_content=fp&utm_medium=RSS2&ref=money_maker_2026

Check out the full store for more: https://lunus420.github.io/passive-income-store/
#PassiveIncome #Deals #Shopping #Automation
------------------------------
✅ Promotion Update Complete!
Successfully updated products.js with fresh deals.
[Tue Feb 10 12:49:54 PM PST 2026] Store Update Complete.
-----------------------------------
[Tue Feb 10 01:01:43 PM PST 2026] Starting Daily Store Update...
Failed to fetch Woot Electronics: 404
Failed to fetch Woot Home: 404
Saved 66 deals to /home/hawkatoad/Desktop/anti gravity/passive-income-store/automation/raw_deals.json
Enhanced 50 deals.
🤖 Social Media Promoter v2.0 Starting...
Daily post generated at /home/hawkatoad/Desktop/anti gravity/passive-income-store/automation/daily_post.txt
------------------------------
🚀 NEW DEALS JUST DROPPED! 🚀

1. Insane: 40-Oz Stanley Quencher ProTour Flip Straw Tumbler w/ Leakproof Lid (Hydrangea) $22.50 
👉 Grab it here: https://slickdeals.net/f/19192540-40-oz-stanley-quencher-protour-flip-straw-tumbler-with-leakproof-lid-hydrangea-22-50-free-shipping-w-prime-or-on-35?utm_source=rss&utm_content=fp&utm_medium=RSS2&ref=money_maker_2026

2. Unbeatable: 8" Lodge Cast Iron Skillet w/ Mini Red Silicone Hot Handle Holder $12.15 
👉 Grab it here: https://slickdeals.net/f/19196128-ac-12-17-8-lodge-cast-iron-skillet-w-mini-red-silicone-hot-handle-holder-at-amazon?utm_source=rss&utm_content=fp&utm_medium=RSS2&ref=money_maker_2026

3. Unbeatable: Fluke BK120 SmartTrace Breaker Finder & Socket Tester $59 + Free Shipping
👉 Grab it here: https://slickdeals.net/f/19141516-fluke-bk120-smarttrace-breaker-finder-and-socket-tester-59-fs-amazon-home-depot?utm_source=rss&utm_content=fp&utm_medium=RSS2&ref=money_maker_2026

Check out the full store for more: https://lunus420.github.io/passive-income-store/
#PassiveIncome #Deals #Shopping #Automation
------------------------------
✅ Promotion Update Complete!
Successfully updated products.js with fresh deals.
[Tue Feb 10 01:01:52 PM PST 2026] Store Update Complete.
-----------------------------------
[Tue Feb 10 02:15:15 PM PST 2026] Starting Daily Store Update...
Failed to fetch Woot Electronics: 404
Failed to fetch Woot Home: 404
Saved 66 deals to /home/hawkatoad/Desktop/anti gravity/passive-income-store/automation/raw_deals.json
Enhanced 50 deals.
🤖 Social Media Promoter v2.0 Starting...
Daily post generated at /home/hawkatoad/Desktop/anti gravity/passive-income-store/automation/daily_post.txt
------------------------------
🔥 TODAY'S TOP GLOBAL DEALS ARE IN! 🔥

1. Exclusive: Oddworld Anthology: The Unlikely Heroes 4-Game Collection (Nintendo Switch) $32.50 
👉 Grab it here: https://slickdeals.net/f/19195789-4-game-oddworld-anthology-the-unlikely-heroes-collection-nintendo-switch-32-49-free-shipping-w-prime-or-on-35?utm_source=rss&utm_content=fp&utm_medium=RSS2&ref=money_maker_2026

2. Premium: $50 Uber eGift Card (Digital Delivery) $45 
👉 Grab it here: https://slickdeals.net/f/19189597-45-50-uber-egift-card-at-amazon?utm_source=rss&utm_content=fp&utm_medium=RSS2&ref=money_maker_2026

3. Viral: Select Accounts: 12-Pack Vacplus Toilet Bowl Cleaning Tablets $3.80 w/ Subscribe & Save
👉 Grab it here: https://slickdeals.net/f/19190032-sns-ac-3-82-12-pack-vacplus-toilet-bowl-cleaning-tablets-at-amazon?utm_source=rss&utm_content=fp&utm_medium=RSS2&ref=money_maker_2026

Check out the full store for more: https://lunus420.github.io/passive-income-store/
#PassiveIncome #Deals #Shopping #Automation
------------------------------
✅ Promotion Update Complete!
Successfully updated products.js with fresh deals.
[Tue Feb 10 02:15:45 PM PST 2026] Store Update Complete.
-----------------------------------
[Wed Feb 11 08:00:02 AM PST 2026] Starting Daily Store Update...
Failed to fetch Woot Electronics: 404
Failed to fetch Woot Home: 404
Saved 68 deals to /home/hawkatoad/Desktop/anti gravity/passive-income-store/automation/raw_deals.json
Enhanced 50 deals.
🤖 Social Media Promoter v2.0 Starting...
Daily post generated at /home/hawkatoad/Desktop/anti gravity/passive-income-store/automation/daily_post.txt
------------------------------
💰 START SAVING NOW: TODAY'S HIGHLIGHTS 💰

1. Must-Have: 3-pk 8.8-oz Febreze Air Mist Air Freshener Spray (Heavy Duty Crisp Clean Scent) $5.40 w/ Subscribe & Save
👉 Grab it here: https://slickdeals.net/f/19187971-sns-ac-5-41-3-pack-8-8-oz-febreze-air-mist-air-freshener-spray-heavy-duty-crisp-clean-at-amazon-1-80-each?utm_source=rss&utm_content=fp&utm_medium=RSS2&ref=money_maker_2026

2. Premium: 2.35-Oz Amazon Saver Onion Powder $0.75 w/ Subscribe & Save
👉 Grab it here: https://slickdeals.net/f/19198855-amazon-saver-onion-powder-2-35-oz-0-76-after-coupon-s-s-amazon-buy-4-save-more?utm_source=rss&utm_content=fp&utm_medium=RSS2&ref=money_maker_2026

3. Insane: Slickdeals Daily Draw Giveaway – Enter Now for a Chance to Win! (See Official Rules) 
👉 Grab it here: https://slickdeals.net/f/18822175-slickdeals-daily-draw-giveaway-enter-now-for-a-chance-to-win-see-official-rules?utm_source=rss&utm_content=fp&utm_medium=RSS2&ref=money_maker_2026

Check out the full store for more: https://lunus420.github.io/passive-income-store/
#PassiveIncome #Deals #Shopping #Automation
------------------------------
✅ Promotion Update Complete!
Successfully updated products.js with fresh deals.
[Wed Feb 11 08:00:13 AM PST 2026] Store Update Complete.
-----------------------------------
[Thu Feb 12 08:00:01 AM PST 2026] Starting Daily Store Update...
Failed to fetch Woot Electronics: 404
Failed to fetch Woot Home: 404
Saved 66 deals to /home/hawkatoad/Desktop/anti gravity/passive-income-store/automation/raw_deals.json
Enhanced 50 deals.
🤖 Social Media Promoter v2.0 Starting...
Daily post generated at /home/hawkatoad/Desktop/anti gravity/passive-income-store/automation/daily_post.txt
------------------------------
🚀 NEW DEALS JUST DROPPED! 🚀

1. Must-Have: 10' Amazon Basics USB-C to USB-A 2.0 Fast Charger Cable $3 + Free Shipping w/ Prime
👉 Grab it here: https://slickdeals.net/f/19194535-amazonbasics-usb-c-to-usb-a-2-0-fast-charger-cable-480mbps-speed-usb-if-certified-2-99-woot?utm_source=rss&utm_content=fp&utm_medium=RSS2&ref=money_maker_2026

2. Insane: Slickdeals Daily Draw Giveaway – Enter Now for a Chance to Win! (See Official Rules) 
👉 Grab it here: https://slickdeals.net/f/18822175-slickdeals-daily-draw-giveaway-enter-now-for-a-chance-to-win-see-official-rules?utm_source=rss&utm_content=fp&utm_medium=RSS2&ref=money_maker_2026

3. Epic: 30" x 20" Eheyciga Super Absorbent Dog Door Mat (Grey) $7 
👉 Grab it here: https://slickdeals.net/f/19201618-30-x-20-eheyciga-super-absorbent-dog-door-mat-grey-6-99-free-shipping-w-prime-or-on-35?utm_source=rss&utm_content=fp&utm_medium=RSS2&ref=money_maker_2026

Check out the full store for more: https://lunus420.github.io/passive-income-store/
#PassiveIncome #Deals #Shopping #Automation
------------------------------
✅ Promotion Update Complete!
Successfully updated products.js with fresh deals.
[Thu Feb 12 08:00:08 AM PST 2026] Store Update Complete.
-----------------------------------
[Thu Feb 12 01:40:48 PM PST 2026] Starting Daily Store Update...
Failed to fetch Woot Electronics: 404
Failed to fetch Woot Home: 404

📊 Link Stats: 5/65 deals have DIRECT retailer links (earns commission)
Saved 65 deals to /home/hawkatoad/Desktop/anti gravity/passive-income-store/automation/raw_deals.json
Enhanced 50 deals.
🤖 Social Media Promoter v2.0 Starting...
Daily post generated at /home/hawkatoad/Desktop/anti gravity/passive-income-store/automation/daily_post.txt
------------------------------
🚀 NEW DEALS JUST DROPPED! 🚀

1. Exclusive: Dumos Acacia Noodle Board Stove Cover w/ Handles (Various Colors) $40 + Free Shipping
👉 Grab it here: https://slickdeals.net/f/19203115-dumos-acacia-wood-stove-cover-w-handles-22-x29-5-various-colors-39-99-free-shipping?utm_source=rss&utm_content=fp&utm_medium=RSS2&ref=money_maker_2026

2. Epic: Milwaukee M18 18V ROVER Dual Power Triple-Panel Flood & Area Light (Tool-Only) $123 + Free Shipping
👉 Grab it here: https://www.ebay.com/itm/375822572707?mkcid=1&mkrid=711-53200-19255-0&campid=4tima

3. Must-Have: 1-Oz L'Oreal Paris Collagen Moisture Filler Bounce Face Serum $6.50 w/ Subscribe & Save
👉 Grab it here: https://slickdeals.net/f/19203373-1-oz-l-oreal-paris-collagen-moisture-bounce-face-serum-6-49-w-s-s-free-shipping-w-prime-or-on-35?utm_source=rss&utm_content=fp&utm_medium=RSS2&ref=money_maker_2026

Check out the full store for more: https://lunus420.github.io/passive-income-store/
#PassiveIncome #Deals #Shopping #Automation
------------------------------
✅ Promotion Update Complete!
Successfully updated products.js with fresh deals.
[Thu Feb 12 01:40:54 PM PST 2026] Store Update Complete.
-----------------------------------
[Thu Feb 12 01:44:08 PM PST 2026] Starting Daily Store Update...
Failed to fetch Woot Electronics: 404
Failed to fetch Woot Home: 404

📊 Link Stats: 6/65 deals have DIRECT retailer links (earns commission)
Saved 65 deals to /home/hawkatoad/Desktop/anti gravity/passive-income-store/automation/raw_deals.json
Enhanced 50 deals.
🤖 Social Media Promoter v2.0 Starting...
Daily post generated at /home/hawkatoad/Desktop/anti gravity/passive-income-store/automation/daily_post.txt
------------------------------
💰 START SAVING NOW: TODAY'S HIGHLIGHTS 💰

1. Viral: Dumos Acacia Noodle Board Stove Cover w/ Handles (Various Colors) $40 + Free Shipping
👉 Grab it here: https://slickdeals.net/f/19203115-dumos-acacia-wood-stove-cover-w-handles-22-x29-5-various-colors-39-99-free-shipping?utm_source=rss&utm_content=fp&utm_medium=RSS2&ref=money_maker_2026

2. Exclusive: Milwaukee M18 18V ROVER Dual Power Triple-Panel Flood & Area Light (Tool-Only) $123 + Free Shipping
👉 Grab it here: https://www.ebay.com/itm/375822572707?mkcid=1&mkrid=711-53200-19255-0&campid=4tima

3. Viral: 1-Oz L'Oreal Paris Collagen Moisture Filler Bounce Face Serum $6.50 w/ Subscribe & Save
👉 Grab it here: https://slickdeals.net/f/19203373-1-oz-l-oreal-paris-collagen-moisture-bounce-face-serum-6-49-w-s-s-free-shipping-w-prime-or-on-35?utm_source=rss&utm_content=fp&utm_medium=RSS2&ref=money_maker_2026

Check out the full store for more: https://lunus420.github.io/passive-income-store/
#PassiveIncome #Deals #Shopping #Automation
------------------------------
✅ Promotion Update Complete!
Successfully updated products.js with fresh deals.
[Thu Feb 12 01:44:11 PM PST 2026] Store Update Complete.
-----------------------------------
[Sat Feb 14 08:02:19 PM PST 2026] Starting Daily Store Update...
Scraping Shopify source: Moment Gear...
Failed to fetch Moment Gear: 404

📊 Link Stats: 4/65 deals have DIRECT retailer links (earns commission)
Saved 65 deals to /home/hawkatoad/Desktop/anti gravity/passive-income-store/automation/raw_deals.json
Enhanced 50 deals.
🤖 Social Media Promoter v2.0 Starting...
Daily post generated at /home/hawkatoad/Desktop/anti gravity/passive-income-store/automation/daily_post.txt
------------------------------
💰 SAVE BIG TODAY: Tech and More Highlights 💰

1. Exclusive: Pre-Order: 964-Piece LEGO Ideas Peanuts: Snoopy's Doghouse $80 + Free Shipping
👉 Grab it here: https://slickdeals.net/f/19211188-pre-order-964-piece-lego-ideas-peanuts-snoopy-s-doghouse-21368-release-date-6-1-79-99-free-shipping?utm_source=rss&utm_content=fp&utm_medium=RSS2&ref=money_maker_2026

2. Exclusive: AMD Ryzen 5 9600X CPU + MSI MAG Coreliquid A13 240 Black AIO ARGB Liquid Cooler $200 + Free Shipping
👉 Grab it here: https://www.newegg.com/amd-ryzen-...ce-options?ref=money_maker_2026

3. Insane: Open Box: onn. Large Bluetooth Party Speaker Gen 2 with LED Lighting $78.60 + Free Shipping
👉 Grab it here: https://www.ebay.com/itm/127367485789?mkcid=1&mkrid=711-53200-19255-0&campid=4tima

Check out the full store for more: https://lunus420.github.io/passive-income-store/
#TechAndMore #Deals #Tech #Shopping #SaveMoney
------------------------------
✅ Promotion Update Complete!
Successfully updated products.js with fresh deals.
==================================================
🤖 Tech and More — Auto Promotion Bot
📅 2026-02-14 20:02
==================================================

📦 Loaded 50 deals

🐦 Twitter/X:
⚠️  Twitter not configured. Saving posts to twitter_posts.txt instead.
  📄 Saved 3 posts to twitter_posts.txt

🟠 Reddit:
⚠️  Reddit not configured. Saving posts to reddit_posts.txt instead.
  📄 Saved 3 posts to reddit_posts.txt

🐘 Mastodon:
⚠️  Mastodon not configured. Saving posts to mastodon_posts.txt instead.
  📄 Saved 3 posts to mastodon_posts.txt

==================================================
✅ Promotion cycle complete!

💡 3 platform(s) not configured yet.
   Posts were saved to .txt files — copy-paste them manually!
   To enable auto-posting, fill in API keys in this script.
==================================================
[Sat Feb 14 08:02:32 PM PST 2026] Store Update Complete.
-----------------------------------
[Sat Feb 14 08:03:08 PM PST 2026] Starting Daily Store Update...
Scraping Shopify source: Ridge Gear...

📊 Link Stats: 9/70 deals have DIRECT retailer links (earns commission)
Saved 70 deals to /home/hawkatoad/Desktop/anti gravity/passive-income-store/automation/raw_deals.json
Enhanced 50 deals.
🤖 Social Media Promoter v2.0 Starting...
Daily post generated at /home/hawkatoad/Desktop/anti gravity/passive-income-store/automation/daily_post.txt
------------------------------
🔥 TODAY'S TOP DEALS from Tech and More! 🔥

1. Premium: Pre-Order: 964-Piece LEGO Ideas Peanuts: Snoopy's Doghouse $80 + Free Shipping
👉 Grab it here: https://slickdeals.net/f/19211188-pre-order-964-piece-lego-ideas-peanuts-snoopy-s-doghouse-21368-release-date-6-1-79-99-free-shipping?utm_source=rss&utm_content=fp&utm_medium=RSS2&ref=money_maker_2026

2. Must-Have: AMD Ryzen 5 9600X CPU + MSI MAG Coreliquid A13 240 Black AIO ARGB Liquid Cooler $200 + Free Shipping
👉 Grab it here: https://www.newegg.com/amd-ryzen-...ce-options?ref=money_maker_2026

3. Must-Have: Open Box: onn. Large Bluetooth Party Speaker Gen 2 with LED Lighting $78.60 + Free Shipping
👉 Grab it here: https://www.ebay.com/itm/127367485789?mkcid=1&mkrid=711-53200-19255-0&campid=4tima

Check out the full store for more: https://lunus420.github.io/passive-income-store/
#TechAndMore #Deals #Tech #Shopping #SaveMoney
------------------------------
✅ Promotion Update Complete!
Successfully updated products.js with fresh deals.
==================================================
🤖 Tech and More — Auto Promotion Bot
📅 2026-02-14 20:03
==================================================

📦 Loaded 50 deals

🐦 Twitter/X:
⚠️  Twitter not configured. Saving posts to twitter_posts.txt instead.
  📄 Saved 3 posts to twitter_posts.txt

🟠 Reddit:
⚠️  Reddit not configured. Saving posts to reddit_posts.txt instead.
  📄 Saved 3 posts to reddit_posts.txt

🐘 Mastodon:
⚠️  Mastodon not configured. Saving posts to mastodon_posts.txt instead.
  📄 Saved 3 posts to mastodon_posts.txt

==================================================
✅ Promotion cycle complete!

💡 3 platform(s) not configured yet.
   Posts were saved to .txt files — copy-paste them manually!
   To enable auto-posting, fill in API keys in this script.
==================================================
[Sat Feb 14 08:03:14 PM PST 2026] Store Update Complete.
-----------------------------------
[Sat Feb 14 08:03:44 PM PST 2026] Starting Daily Store Update...
Scraping Shopify source: Ridge Gear...

📊 Link Stats: 9/70 deals have DIRECT retailer links (earns commission)
Saved 70 deals to /home/hawkatoad/Desktop/anti gravity/passive-income-store/automation/raw_deals.json
Enhanced 60 deals.
🤖 Social Media Promoter v2.0 Starting...
Daily post generated at /home/hawkatoad/Desktop/anti gravity/passive-income-store/automation/daily_post.txt
------------------------------
🚀 NEW DEALS JUST DROPPED at Tech and More! 🚀

1. Unbeatable: 2-Pack 32-Oz Clorox Disinfecting All-Purpose Cleaner + 30-Oz. Bathroom Cleaner $11.15 or less w/ Subscribe & Save
👉 Grab it here: https://slickdeals.net/f/19209430-2-pack-32-oz-clorox-disinfecting-all-purpose-cleaner-30-oz-bathroom-cleaner-11-15-or-less-w-subscribe-save?utm_source=rss&utm_content=fp&utm_medium=RSS2&ref=money_maker_2026

2. Epic: Refurb Unlocked Apple iPhone 16 Pro 256GB Smartphone for $632 + free shipping
👉 Grab it here: https://www.dealnews.com/Refurb-Unlocked-Apple-iPhone-16-Pro-256-GB-Smartphone-for-632-free-shipping/21810209.html?iref=rss-c142&ref=money_maker_2026

3. Unbeatable: 29-Gal StorageWorks Steel Frame Recycling Bin w/ Lid & 2-Ct Washable Inner Bags $19.80 
👉 Grab it here: https://slickdeals.net/f/19210279-29-gal-storageworks-steel-frame-recycling-bin-w-lid-2-count-washable-inner-bags-3-colors-19-79-free-shipping-w-prime-or-on-35?utm_source=rss&utm_content=fp&utm_medium=RSS2&ref=money_maker_2026

Check out the full store for more: https://lunus420.github.io/passive-income-store/
#TechAndMore #Deals #Tech #Shopping #SaveMoney
------------------------------
✅ Promotion Update Complete!
Successfully updated products.js with fresh deals.
==================================================
🤖 Tech and More — Auto Promotion Bot
📅 2026-02-14 20:03
==================================================

📦 Loaded 60 deals

🐦 Twitter/X:
⚠️  Twitter not configured. Saving posts to twitter_posts.txt instead.
  📄 Saved 3 posts to twitter_posts.txt

🟠 Reddit:
⚠️  Reddit not configured. Saving posts to reddit_posts.txt instead.
  📄 Saved 3 posts to reddit_posts.txt

🐘 Mastodon:
⚠️  Mastodon not configured. Saving posts to mastodon_posts.txt instead.
  📄 Saved 3 posts to mastodon_posts.txt

==================================================
✅ Promotion cycle complete!

💡 3 platform(s) not configured yet.
   Posts were saved to .txt files — copy-paste them manually!
   To enable auto-posting, fill in API keys in this script.
==================================================
[Sat Feb 14 08:03:48 PM PST 2026] Store Update Complete.
-----------------------------------
[Sat Feb 14 10:01:39 PM PST 2026] Starting Daily Store Update...
Scraping Shopify source: Ridge Gear...
Scraping Shopify source: Bellroy...
Failed to fetch Bellroy: 404
Scraping Shopify source: Nomad Goods...
Failed to fetch Nomad Goods: 404
Scraping Shopify source: Master & Dynamic...
Scraping Shopify source: Ugmonk...

📊 Link Stats: 22/80 deals have DIRECT retailer links (earns commission)
Saved 80 deals to /home/hawkatoad/Desktop/anti gravity/passive-income-store/automation/raw_deals.json
Enhanced 60 deals.
🤖 Social Media Promoter v2.0 Starting...
Daily post generated at /home/hawkatoad/Desktop/anti gravity/passive-income-store/automation/daily_post.txt
------------------------------
💰 SAVE BIG TODAY: Tech and More Highlights 💰

1. Premium: 500-Lbs VEVOR Heavy Duty Steel Wagon Cart $61.90 + Free Shipping
👉 Grab it here: https://slickdeals.net/f/19206262-500-lbs-vevor-heavy-duty-steel-wagon-cart-61-90-free-shipping?utm_source=rss&utm_content=fp&utm_medium=RSS2&ref=money_maker_2026

2. Must-Have: Metro by T-Mobile Unlimited 5G for $25 / month
👉 Grab it here: https://www.dealnews.com/Metro-by-T-Mobile-Unlimited-5-G-for-25-month/21809326.html?iref=rss-c142&ref=money_maker_2026

3. Insane: New: *Covers Only* – Leather Discbound Analog (Black) $20.00
👉 Grab it here: https://ugmonk.com/products/covers-only-leather-discbound-analog-black?ref=money_maker_2026

Check out the full store for more: https://lunus420.github.io/passive-income-store/
#TechAndMore #Deals #Tech #Shopping #SaveMoney
------------------------------
✅ Promotion Update Complete!
Successfully updated products.js with fresh deals.
==================================================
🤖 Tech and More — Auto Promotion Bot
📅 2026-02-14 22:01
==================================================

📦 Loaded 60 deals

🐦 Twitter/X:
⚠️  Twitter not configured. Saving posts to twitter_posts.txt instead.
  📄 Saved 3 posts to twitter_posts.txt

🟠 Reddit:
⚠️  Reddit not configured. Saving posts to reddit_posts.txt instead.
  📄 Saved 3 posts to reddit_posts.txt

🐘 Mastodon:
⚠️  Mastodon not configured. Saving posts to mastodon_posts.txt instead.
  📄 Saved 3 posts to mastodon_posts.txt

==================================================
✅ Promotion cycle complete!

💡 3 platform(s) not configured yet.
   Posts were saved to .txt files — copy-paste them manually!
   To enable auto-posting, fill in API keys in this script.
==================================================
[Sat Feb 14 10:01:48 PM PST 2026] Store Update Complete.
-----------------------------------
[Sat Feb 14 10:21:10 PM PST 2026] Starting Daily Store Update...
Scraping Shopify source: Ridge Gear...
Scraping Shopify source: Master & Dynamic...
Scraping Shopify source: Ugmonk...

📊 Link Stats: 22/80 deals have DIRECT retailer links (earns commission)
Saved 80 deals to /home/hawkatoad/Desktop/anti gravity/passive-income-store/automation/raw_deals.json
Enhanced 60 deals.
🤖 Social Media Promoter v2.0 Starting...
Daily post generated at /home/hawkatoad/Desktop/anti gravity/passive-income-store/automation/daily_post.txt
------------------------------
🔥 TODAY'S TOP DEALS from Tech and More! 🔥

1. Exclusive: 2-Pack 32-Oz Clorox Disinfecting All-Purpose Cleaner + 30-Oz. Bathroom Cleaner $11.15 or less w/ Subscribe & Save
👉 Grab it here: https://slickdeals.net/f/19209430-2-pack-32-oz-clorox-disinfecting-all-purpose-cleaner-30-oz-bathroom-cleaner-11-15-or-less-w-subscribe-save?utm_source=rss&utm_content=fp&utm_medium=RSS2&ref=money_maker_2026

2. Exclusive: 4-in-1 Folding Wireless Charger / Alarm Clock for $10 + free shipping w/ first order
👉 Grab it here: https://www.dealnews.com/4-in-1-Folding-Wireless-Charger-Alarm-Clock-for-10-free-shipping-w-first-order/21810319.html?iref=rss-c142&ref=money_maker_2026

3. Premium: Open-box Apple AirPods Pro 3 (2025) for $167 + free shipping
👉 Grab it here: https://www.dealnews.com/products/Apple/Apple-Air-Pods-Pro-3-2025/493669.html?iref=rss-c142&ref=money_maker_2026

Check out the full store for more: https://lunus420.github.io/passive-income-store/
#TechAndMore #Deals #Tech #Shopping #SaveMoney
------------------------------
✅ Promotion Update Complete!
Successfully updated products.js with fresh deals.
==================================================
🤖 Tech and More — Auto Promotion Bot
📅 2026-02-14 22:21
==================================================

📦 Loaded 60 deals

🐦 Twitter/X:
⚠️  Twitter not configured. Saving posts to twitter_posts.txt instead.
  📄 Saved 3 posts to twitter_posts.txt

🟠 Reddit:
⚠️  Reddit not configured. Saving posts to reddit_posts.txt instead.
  📄 Saved 3 posts to reddit_posts.txt

🐘 Mastodon:
⚠️  Mastodon not configured. Saving posts to mastodon_posts.txt instead.
  📄 Saved 3 posts to mastodon_posts.txt

==================================================
✅ Promotion cycle complete!

💡 3 platform(s) not configured yet.
   Posts were saved to .txt files — copy-paste them manually!
   To enable auto-posting, fill in API keys in this script.
==================================================
[Sat Feb 14 10:21:18 PM PST 2026] Store Update Complete.
-----------------------------------
[Mon Feb 16 02:32:56 PM PST 2026] Starting Daily Store Update...
Scraping Shopify source: Ridge Gear...
Scraping Shopify source: Master & Dynamic...
Scraping Shopify source: Ugmonk...

📊 Link Stats: 17/80 deals have DIRECT retailer links (earns commission)
Saved 80 deals to /home/hawkatoad/Desktop/anti gravity/passive-income-store/automation/raw_deals.json

============================================================
💰 POTENTIAL EARNINGS REPORT (ESTIMATED)
============================================================
Total Active Deals: 80
  - Direct Retailer Links: 17 (Higher Margin)
  - Aggregator Links:      63 (Volume Play)
------------------------------------------------------------
Est. Daily Revenue Potential: $2.02
============================================================

Enhanced 60 deals.
🤖 Social Media Promoter v2.0 Starting...
Daily post generated at /home/hawkatoad/Desktop/anti gravity/passive-income-store/automation/daily_post.txt
------------------------------
💰 SAVE BIG TODAY: Tech and More Highlights 💰

1. Epic: Certified Refurb Bose QuietComfort Ultra Wireless Noise Cancelling Headphones for $183 + free shipping
👉 Grab it here: https://www.dealnews.com/products/Bose/Bose-Quiet-Comfort-Ultra-Wireless-Noise-Cancelling-Headphones/460466.html?iref=rss-c142&ref=money_maker_2026

2. Viral: Refurb HP 12th-Gen. i3 17.3" Laptop for $230 + free shipping
👉 Grab it here: https://www.dealnews.com/products/HP/HP-12-th-Gen-i3-17-3-Laptop/497575.html?iref=rss-c49&ref=money_maker_2026

3. Unbeatable: Select Home Depot Stores: HDX 40-Gal Tough Storage Tote w/ Wheels & Handle (Clear/Red) $20 (In-Store Purchase Only)
👉 Grab it here: https://www.homedepot.com/p/HDX-4.../337213030?ref=money_maker_2026

Check out the full store for more: https://lunus420.github.io/passive-income-store/
#TechAndMore #Deals #Tech #Shopping #SaveMoney
------------------------------
✅ Promotion Update Complete!
Successfully updated products.js with fresh deals.
==================================================
🤖 Tech and More — Auto Promotion Bot
📅 2026-02-16 14:33
==================================================

📦 Loaded 60 deals

🐦 Twitter/X:
⚠️  Twitter not configured. Saving posts to twitter_posts.txt instead.
  📄 Saved 3 posts to twitter_posts.txt

🟠 Reddit:
⚠️  Reddit not configured. Saving posts to reddit_posts.txt instead.
  📄 Saved 3 posts to reddit_posts.txt

🐘 Mastodon:
⚠️  Mastodon not configured. Saving posts to mastodon_posts.txt instead.
  📄 Saved 3 posts to mastodon_posts.txt

==================================================
✅ Promotion cycle complete!

💡 3 platform(s) not configured yet.
   Posts were saved to .txt files — copy-paste them manually!
   To enable auto-posting, fill in API keys in this script.
==================================================
[Mon Feb 16 02:33:01 PM PST 2026] Store Update Complete.
-----------------------------------
[Sat Feb 21 12:05:22 PM PST 2026] Starting Daily Store Update...
Failed to fetch BensBargains: 404
Scraping Shopify source: Ridge Gear...
Scraping Shopify source: Master & Dynamic...
Scraping Shopify source: Ugmonk...

⚡ Resolving 86 redirects in parallel (20 workers)...
  Resolved 10/86...
  Resolved 20/86...
  Resolved 30/86...
  Resolved 40/86...
  Resolved 50/86...
  Resolved 60/86...
  Resolved 70/86...
  Resolved 80/86...

📊 Link Stats: 19/105 deals have DIRECT retailer links (earns commission)
Saved 105 deals to /home/hawkatoad/Desktop/anti gravity/passive-income-store/automation/raw_deals.json

============================================================
💰 POTENTIAL EARNINGS REPORT (ESTIMATED)
============================================================
Total Active Deals: 105
  - Direct Retailer Links: 19 (Higher Margin)
  - Aggregator Links:      86 (Volume Play)
------------------------------------------------------------
Est. Daily Revenue Potential: $2.33
============================================================

Enhanced 60 deals.
🤖 Social Media Promoter v2.0 Starting...
Daily post generated at /home/hawkatoad/Desktop/anti gravity/passive-income-store/automation/daily_post.txt
------------------------------
💰 SAVE BIG TODAY: Tech and More Highlights 💰

1. Unbeatable: 7-Liter Frienhund Smart Automatic Cat & Dog Feeder (White) $22.50 & More + Free Shipping
👉 Grab it here: https://slickdeals.net/f/19234330-7-liter-frienhund-smart-automatic-cat-dog-feeder-white-22-49-free-shipping-w-prime-or-on-35?utm_source=rss&utm_content=fp&utm_medium=RSS2&ref=money_maker_2026

2. Epic: eufy Security by Anker SmartTrack Link 2-Pack for iOS for $20 + free shipping
👉 Grab it here: https://www.dealnews.com/products/eufy/eufy-Security-by-Anker-Smart-Track-Link-2-Pack-for-iOS/497752.html?iref=rss-c142&ref=money_maker_2026

3. Exclusive: 2-Pack 2" x 39" GroTheory Under Door Draft Stoppers (White) $6 
👉 Grab it here: https://slickdeals.net/f/19234225-2-pack-39-grotheory-under-door-draft-stopper-6-amazon?utm_source=rss&utm_content=fp&utm_medium=RSS2&ref=money_maker_2026

Check out the full store for more: https://lunus420.github.io/passive-income-store/
#TechAndMore #Deals #Tech #Shopping #SaveMoney
------------------------------
✅ Promotion Update Complete!
Successfully updated products.js with fresh deals.
✅ Loaded configuration from config.json
==================================================
🤖 Tech and More — Auto Promotion Bot
📅 2026-02-21 12:06
==================================================

📦 Loaded 60 deals

🐦 Twitter/X:
⚠️  Twitter not configured. Saving posts to twitter_posts.txt instead.
  📄 Saved 3 posts to twitter_posts.txt

🟠 Reddit:
⚠️  Reddit not configured. Saving posts to reddit_posts.txt instead.
  📄 Saved 3 posts to reddit_posts.txt

🐘 Mastodon:
  ✅ Mastodon post 1 published!
  ✅ Mastodon post 2 published!
  ✅ Mastodon post 3 published!

==================================================
✅ Promotion cycle complete!

💡 2 platform(s) not configured yet.
   Posts were saved to .txt files — copy-paste them manually!
   To enable auto-posting, fill in API keys in this script.
==================================================
[Sat Feb 21 12:06:08 PM PST 2026] Store Update Complete.
-----------------------------------
[Sat Feb 21 12:08:43 PM PST 2026] Starting Daily Store Update...
Failed to fetch BensBargains: 404
Scraping Shopify source: Ridge Gear...
Scraping Shopify source: Master & Dynamic...
Scraping Shopify source: Ugmonk...

⚡ Resolving 86 redirects in parallel (20 workers)...
  Resolved 10/86...
  Resolved 20/86...
  Resolved 30/86...
  Resolved 40/86...
  Resolved 50/86...
  Resolved 60/86...
  Resolved 70/86...
  Resolved 80/86...

📊 Link Stats: 19/105 deals have DIRECT retailer links (earns commission)
Saved 105 deals to /home/hawkatoad/Desktop/anti gravity/passive-income-store/automation/raw_deals.json

============================================================
💰 POTENTIAL EARNINGS REPORT (ESTIMATED)
============================================================
Total Active Deals: 105
  - Direct Retailer Links: 19 (Higher Margin)
  - Aggregator Links:      86 (Volume Play)
------------------------------------------------------------
Est. Daily Revenue Potential: $2.33
============================================================

Enhanced 60 deals.
🤖 Social Media Promoter v2.0 Starting...
Daily post generated at /home/hawkatoad/Desktop/anti gravity/passive-income-store/automation/daily_post.txt
------------------------------
💰 SAVE BIG TODAY: Tech and More Highlights 💰

1. Must-Have: ZURU XSHOT Insanity Motorized Rage Fire Toy Dart Blaster w/ 72 Darts & Tripod $23.50 + Free Store Pickup
👉 Grab it here: https://slickdeals.net/f/19234255-xshot-insanity-motorized-rage-fire-72-darts-air-pocket-technology-outdoor-blaster-by-zuru-ages-8-23-5?utm_source=rss&utm_content=fp&utm_medium=RSS2&ref=money_maker_2026

2. Must-Have: 55" TCL 55S41CG 4K UHD LED 60 Hz Smart Google TV $198 + Free Shipping
👉 Grab it here: https://slickdeals.net/f/19234204-tcl-55-class-s41cg-series-4k-uhd-led-smart-google-tv-limited-edition-dolby-vision-hdr-dolby-atmos-55s41cg-198?utm_source=rss&utm_content=fp&utm_medium=RSS2&ref=money_maker_2026

3. Viral: eufy Security by Anker SmartTrack Link 2-Pack for iOS for $20 + free shipping
👉 Grab it here: https://www.dealnews.com/products/eufy/eufy-Security-by-Anker-Smart-Track-Link-2-Pack-for-iOS/497752.html?iref=rss-c142&ref=money_maker_2026

Check out the full store for more: https://lunus420.github.io/passive-income-store/
#TechAndMore #Deals #Tech #Shopping #SaveMoney
------------------------------
✅ Promotion Update Complete!
Successfully updated products.js with fresh deals.
✅ Loaded configuration from config.json
==================================================
🤖 Tech and More — Auto Promotion Bot
📅 2026-02-21 12:09
==================================================

📦 Loaded 60 deals

🐦 Twitter/X:
⚠️  Twitter not configured. Saving posts to twitter_posts.txt instead.
  📄 Saved 3 posts to twitter_posts.txt

🟠 Reddit:
⚠️  Reddit not configured. Saving posts to reddit_posts.txt instead.
  📄 Saved 3 posts to reddit_posts.txt

🐘 Mastodon:
  ✅ Mastodon post 1 published!
  ✅ Mastodon post 2 published!
  ✅ Mastodon post 3 published!

==================================================
✅ Promotion cycle complete!

💡 2 platform(s) not configured yet.
   Posts were saved to .txt files — copy-paste them manually!
   To enable auto-posting, fill in API keys in this script.
==================================================
[Sat Feb 21 12:09:36 PM PST 2026] Store Update Complete.
-----------------------------------
[Sun Feb 22 08:00:01 AM PST 2026] Starting Daily Store Update...
Failed to fetch BensBargains: 404
Scraping Shopify source: Ridge Gear...
Scraping Shopify source: Master & Dynamic...
Scraping Shopify source: Ugmonk...

⚡ Resolving 84 redirects in parallel (20 workers)...
  Resolved 10/84...
  Resolved 20/84...
  Resolved 30/84...
  Resolved 40/84...
  Resolved 50/84...
  Resolved 60/84...
  Resolved 70/84...
  Resolved 80/84...

📊 Link Stats: 21/105 deals have DIRECT retailer links (earns commission)
Saved 105 deals to /home/hawkatoad/Desktop/anti gravity/passive-income-store/automation/raw_deals.json

============================================================
💰 POTENTIAL EARNINGS REPORT (ESTIMATED)
============================================================
Total Active Deals: 105
  - Direct Retailer Links: 21 (Higher Margin)
  - Aggregator Links:      84 (Volume Play)
------------------------------------------------------------
Est. Daily Revenue Potential: $2.52
============================================================

Enhanced 60 deals.
🤖 Social Media Promoter v2.0 Starting...
Daily post generated at /home/hawkatoad/Desktop/anti gravity/passive-income-store/automation/daily_post.txt
------------------------------
🚀 NEW DEALS JUST DROPPED at Tech and More! 🚀

1. Epic: TP-Link Tapo RV30 Max Plus 5300Pa LiDAR Robot Vacuum & Mop w/ Self-Emptying Dock $162 + Free Shipping
👉 Grab it here: https://slickdeals.net/f/19234126-tp-link-tapo-rv30-max-plus-lidar-robot-vacuum-mop-with-auto-empty-dock-162-00-free-shipping?utm_source=rss&utm_content=fp&utm_medium=RSS2&ref=money_maker_2026

2. Epic: Refurb Samsung QN50LS03DA The Frame 50" 4K QLED Smart TV  for $575 + free shipping
👉 Grab it here: https://www.dealnews.com/products/Samsung/Samsung-QN50-LS03-DA-The-Frame-50-4-K-QLED-Smart-TV/474728.html?iref=rss-c142&ref=money_maker_2026

3. Exclusive: 18' Ernie Ball Braided Straight/Angle Instrument Cable $20.35 
👉 Grab it here: https://slickdeals.net/f/19219162-20-33-ernie-ball-braided-instrument-cable-straight-angle-18ft-black-p06086-at-amazon?utm_source=rss&utm_content=fp&utm_medium=RSS2&ref=money_maker_2026

Check out the full store for more: https://lunus420.github.io/passive-income-store/
#TechAndMore #Deals #Tech #Shopping #SaveMoney
------------------------------
✅ Promotion Update Complete!
Successfully updated products.js with fresh deals.
✅ Loaded configuration from config.json
==================================================
🤖 Tech and More — Auto Promotion Bot
📅 2026-02-22 08:00
==================================================

📦 Loaded 60 deals

🐦 Twitter/X:
⚠️  Twitter not configured. Saving posts to twitter_posts.txt instead.
  📄 Saved 3 posts to twitter_posts.txt

🟠 Reddit:
⚠️  Reddit not configured. Saving posts to reddit_posts.txt instead.
  📄 Saved 3 posts to reddit_posts.txt

🐘 Mastodon:
  ❌ Mastodon post 1 failed: 403
  ❌ Mastodon post 2 failed: 403
  ❌ Mastodon post 3 failed: 403

==================================================
✅ Promotion cycle complete!

💡 2 platform(s) not configured yet.
   Posts were saved to .txt files — copy-paste them manually!
   To enable auto-posting, fill in API keys in this script.
==================================================
[Sun Feb 22 08:00:56 AM PST 2026] Store Update Complete.
-----------------------------------
[Mon Feb 23 08:00:01 AM PST 2026] Starting Daily Store Update...
Failed to fetch BensBargains: 404
Scraping Shopify source: Ridge Gear...
Scraping Shopify source: Master & Dynamic...
Scraping Shopify source: Ugmonk...

⚡ Resolving 81 redirects in parallel (20 workers)...
  Resolved 10/81...
  Resolved 20/81...
  Resolved 30/81...
  Resolved 40/81...
  Resolved 50/81...
  Resolved 60/81...
  Resolved 70/81...
  Resolved 80/81...

📊 Link Stats: 24/105 deals have DIRECT retailer links (earns commission)
Saved 105 deals to /home/hawkatoad/Desktop/anti gravity/passive-income-store/automation/raw_deals.json

============================================================
💰 POTENTIAL EARNINGS REPORT (ESTIMATED)
============================================================
Total Active Deals: 105
  - Direct Retailer Links: 24 (Higher Margin)
  - Aggregator Links:      81 (Volume Play)
------------------------------------------------------------
Est. Daily Revenue Potential: $2.80
============================================================

Enhanced 60 deals.
🤖 Social Media Promoter v2.0 Starting...
Daily post generated at /home/hawkatoad/Desktop/anti gravity/passive-income-store/automation/daily_post.txt
------------------------------
🚀 NEW DEALS JUST DROPPED at Tech and More! 🚀

1. Premium: NEXT Joy-Con 2 Charging Grip for Nintendo Switch 2 (Black) $13 + Free Shipping
👉 Grab it here: https://slickdeals.net/f/19239886-next-joy-con-2-charging-grip-nintendo-switch-2-12-99-free-shipping?utm_source=rss&utm_content=fp&utm_medium=RSS2&ref=money_maker_2026

2. Epic: Dell AMD Ryzen AI 5 14" Laptop + free shipping
👉 Grab it here: https://www.dealnews.com/Dell-AMD-Ryzen-AI-5-14-Laptop-free-shipping/21810986.html?iref=rss-c49&ref=money_maker_2026

3. Premium: Dell 14 Plus Core Ultra 7 256V 14" Laptop w/ 16GB RAM & 1TB SSD for $750 + free shipping
👉 Grab it here: https://www.dealnews.com/products/Dell/Dell-14-Plus-Core-Ultra-7-256-V-14-Laptop-w-16-GB-RAM-1-TB-SSD/496595.html?iref=rss-c49&ref=money_maker_2026

Check out the full store for more: https://lunus420.github.io/passive-income-store/
#TechAndMore #Deals #Tech #Shopping #SaveMoney
------------------------------
✅ Promotion Update Complete!
Successfully updated products.js with fresh deals.
✅ Loaded configuration from config.json
==================================================
🤖 Tech and More — Auto Promotion Bot
📅 2026-02-23 08:00
==================================================

📦 Loaded 60 deals

🐦 Twitter/X:
⚠️  Twitter not configured. Saving posts to twitter_posts.txt instead.
  📄 Saved 3 posts to twitter_posts.txt

🟠 Reddit:
⚠️  Reddit not configured. Saving posts to reddit_posts.txt instead.
  📄 Saved 3 posts to reddit_posts.txt

🐘 Mastodon:
  ❌ Mastodon post 1 failed: 403
  ❌ Mastodon post 2 failed: 403
  ❌ Mastodon post 3 failed: 403

==================================================
✅ Promotion cycle complete!

💡 2 platform(s) not configured yet.
   Posts were saved to .txt files — copy-paste them manually!
   To enable auto-posting, fill in API keys in this script.
==================================================
[Mon Feb 23 08:00:57 AM PST 2026] Store Update Complete.
-----------------------------------
[Tue Feb 24 08:00:02 AM PST 2026] Starting Daily Store Update...
Failed to fetch BensBargains: 404
Scraping Shopify source: Ridge Gear...
Error scraping Shopify Ridge Gear: list index out of range
Scraping Shopify source: Master & Dynamic...
Scraping Shopify source: Ugmonk...

⚡ Resolving 85 redirects in parallel (20 workers)...
  Resolved 10/85...
  Resolved 20/85...
  Resolved 30/85...
  Resolved 40/85...
  Resolved 50/85...
  Resolved 60/85...
  Resolved 70/85...
  Resolved 80/85...

📊 Link Stats: 15/100 deals have DIRECT retailer links (earns commission)
Saved 100 deals to /home/hawkatoad/Desktop/anti gravity/passive-income-store/automation/raw_deals.json

============================================================
💰 POTENTIAL EARNINGS REPORT (ESTIMATED)
============================================================
Total Active Deals: 100
  - Direct Retailer Links: 15 (Higher Margin)
  - Aggregator Links:      85 (Volume Play)
------------------------------------------------------------
Est. Daily Revenue Potential: $1.93
============================================================

Enhanced 60 deals.
🤖 Social Media Promoter v2.0 Starting...
Daily post generated at /home/hawkatoad/Desktop/anti gravity/passive-income-store/automation/daily_post.txt
------------------------------
🚀 NEW DEALS JUST DROPPED at Tech and More! 🚀

1. Premium: HP N200 15.6" Laptop for $144 + free shipping
👉 Grab it here: https://www.dealnews.com/HP-N200-15-6-Laptop-for-144-free-shipping/21812181.html?iref=rss-c49&ref=money_maker_2026

2. Must-Have: Refurb Unlocked Apple iPhone 14 Pro 128GB Smartphone for $345 + free shipping
👉 Grab it here: https://www.dealnews.com/products/Apple/Unlocked-Apple-iPhone-14-Pro-128-GB-Smartphone/474727.html?iref=rss-c142&ref=money_maker_2026

3. Must-Have: Acer Aspire Go 15.6" Ryzen 7 Touchscreen Laptop w/ 1TB SSD for $600 + free shipping
👉 Grab it here: https://www.dealnews.com/products/Acer/Acer-Aspire-Go-15-6-Ryzen-7-Touchscreen-Laptop-w-1-TB-SSD/497615.html?iref=rss-c49&ref=money_maker_2026

Check out the full store for more: https://lunus420.github.io/passive-income-store/
#TechAndMore #Deals #Tech #Shopping #SaveMoney
------------------------------
✅ Promotion Update Complete!
Successfully updated products.js with fresh deals.
✅ Loaded configuration from config.json
==================================================
🤖 Tech and More — Auto Promotion Bot
📅 2026-02-24 08:00
==================================================

📦 Loaded 60 deals

🐦 Twitter/X:
⚠️  Twitter not configured. Saving posts to twitter_posts.txt instead.
  📄 Saved 3 posts to twitter_posts.txt

🟠 Reddit:
⚠️  Reddit not configured. Saving posts to reddit_posts.txt instead.
  📄 Saved 3 posts to reddit_posts.txt

🐘 Mastodon:
  ❌ Mastodon post 1 failed: 403
  ❌ Mastodon post 2 failed: 403
  ❌ Mastodon post 3 failed: 403

==================================================
✅ Promotion cycle complete!

💡 2 platform(s) not configured yet.
   Posts were saved to .txt files — copy-paste them manually!
   To enable auto-posting, fill in API keys in this script.
==================================================
[Tue Feb 24 08:00:54 AM PST 2026] Store Update Complete.
-----------------------------------
[Thu Feb 26 08:00:01 AM PST 2026] Starting Daily Store Update...
Failed to fetch BensBargains: 404
Scraping Shopify source: Ridge Gear...
Error scraping Shopify Ridge Gear: list index out of range
Scraping Shopify source: Master & Dynamic...
Scraping Shopify source: Ugmonk...

⚡ Resolving 93 redirects in parallel (20 workers)...
  Resolved 10/93...
  Resolved 20/93...
  Resolved 30/93...
  Resolved 40/93...
  Resolved 50/93...
  Resolved 60/93...
  Resolved 70/93...
  Resolved 80/93...
  Resolved 90/93...

📊 Link Stats: 18/111 deals have DIRECT retailer links (earns commission)
Saved 111 deals to /home/hawkatoad/Desktop/anti gravity/passive-income-store/automation/raw_deals.json

============================================================
💰 POTENTIAL EARNINGS REPORT (ESTIMATED)
============================================================
Total Active Deals: 111
  - Direct Retailer Links: 18 (Higher Margin)
  - Aggregator Links:      93 (Volume Play)
------------------------------------------------------------
Est. Daily Revenue Potential: $2.26
============================================================

Enhanced 60 deals.
🤖 Social Media Promoter v2.0 Starting...
Daily post generated at /home/hawkatoad/Desktop/anti gravity/passive-income-store/automation/daily_post.txt
------------------------------
🚀 NEW DEALS JUST DROPPED at Tech and More! 🚀

1. Insane: Select Accts: 90-Count Amazon Basics Tall Kitchen Drawstring Trash Bags $8.05 w/ Subscribe & Save
👉 Grab it here: https://slickdeals.net/f/19249357-sns-ac-8-05-90-count-amazon-basics-13-gallon-flextra-tall-kitchen-drawstring-trash-bags-clean-fresh-at-amazon-8-9-each?utm_source=rss&utm_content=fp&utm_medium=RSS2&ref=money_maker_2026

2. Insane: New: MW09 TUMI $450.00
👉 Grab it here: https://www.masterdynamic.com/products/mw09-tumi?ref=moment_partner_2026

3. Epic: 28.8 REESE'S Assorted Flavored Snack Size Peanut Butter Eggs 2 for $18.90 
👉 Grab it here: https://slickdeals.net/f/19248628-ac-18-77-2-28-8-oz-reese-s-assorted-flavored-snack-size-peanut-butter-eggs-9-38-each-at-amazon?utm_source=rss&utm_content=fp&utm_medium=RSS2&ref=money_maker_2026

Check out the full store for more: https://lunus420.github.io/passive-income-store/
#TechAndMore #Deals #Tech #Shopping #SaveMoney
------------------------------
✅ Promotion Update Complete!
Successfully updated products.js with fresh deals.
✅ Loaded configuration from config.json
==================================================
🤖 Tech and More — Auto Promotion Bot
📅 2026-02-26 08:01
==================================================

📦 Loaded 60 deals

🐦 Twitter/X:
⚠️  Twitter not configured. Saving posts to twitter_posts.txt instead.
  📄 Saved 3 posts to twitter_posts.txt

🟠 Reddit:
⚠️  Reddit not configured. Saving posts to reddit_posts.txt instead.
  📄 Saved 3 posts to reddit_posts.txt

🐘 Mastodon:
  ❌ Mastodon post 1 failed: 403
  ❌ Mastodon post 2 failed: 403
  ❌ Mastodon post 3 failed: 403

==================================================
✅ Promotion cycle complete!

💡 2 platform(s) not configured yet.
   Posts were saved to .txt files — copy-paste them manually!
   To enable auto-posting, fill in API keys in this script.
==================================================
[Thu Feb 26 08:01:19 AM PST 2026] Store Update Complete.
-----------------------------------
[Sat Feb 28 08:00:02 AM PST 2026] Starting Daily Store Update...
Failed to fetch BensBargains: 404
Scraping Shopify source: Ridge Gear...
Error scraping Shopify Ridge Gear: list index out of range
Scraping Shopify source: Master & Dynamic...
Scraping Shopify source: Ugmonk...

⚡ Resolving 84 redirects in parallel (20 workers)...
  Resolved 10/84...
  Resolved 20/84...
  Resolved 30/84...
  Resolved 40/84...
  Resolved 50/84...
  Resolved 60/84...
  Resolved 70/84...
  Resolved 80/84...

📊 Link Stats: 16/100 deals have DIRECT retailer links (earns commission)
Saved 100 deals to /home/hawkatoad/Desktop/anti gravity/passive-income-store/automation/raw_deals.json

============================================================
💰 POTENTIAL EARNINGS REPORT (ESTIMATED)
============================================================
Total Active Deals: 100
  - Direct Retailer Links: 16 (Higher Margin)
  - Aggregator Links:      84 (Volume Play)
------------------------------------------------------------
Est. Daily Revenue Potential: $2.02
============================================================

Enhanced 60 deals.
🤖 Social Media Promoter v2.0 Starting...
Daily post generated at /home/hawkatoad/Desktop/anti gravity/passive-income-store/automation/daily_post.txt
------------------------------
🚀 NEW DEALS JUST DROPPED at Tech and More! 🚀

1. Viral: 75" LG UT75 Series LED 4K UHD Smart webOS TV (2024) $350 + Free Store Pickup
👉 Grab it here: https://slickdeals.net/f/19256935-lg-75-class-ut75-series-led-4k-uhd-smart-webos-tv-350?utm_source=rss&utm_content=fp&utm_medium=RSS2&ref=money_maker_2026

2. Epic: Dell AMD Ryzen AI 5 14" Laptop + free shipping
👉 Grab it here: https://www.dealnews.com/Dell-AMD-Ryzen-AI-5-14-Laptop-free-shipping/21810986.html?iref=rss-c49&ref=money_maker_2026

3. Unbeatable: COSJM Portable Magnetic 320 LED Rechargeable 10,000 Lumen Work Light $27 
👉 Grab it here: https://www.walmart.com/ip/12000m...519125?sel&ref=money_maker_2026

Check out the full store for more: https://lunus420.github.io/passive-income-store/
#TechAndMore #Deals #Tech #Shopping #SaveMoney
------------------------------
✅ Promotion Update Complete!
Successfully updated products.js with fresh deals.
✅ Loaded configuration from config.json
==================================================
🤖 Tech and More — Auto Promotion Bot
📅 2026-02-28 08:01
==================================================

📦 Loaded 60 deals

🐦 Twitter/X:
⚠️  Twitter not configured. Saving posts to twitter_posts.txt instead.
  📄 Saved 3 posts to twitter_posts.txt

🟠 Reddit:
⚠️  Reddit not configured. Saving posts to reddit_posts.txt instead.
  📄 Saved 3 posts to reddit_posts.txt

🐘 Mastodon:
  ❌ Mastodon post 1 failed: 403
  ❌ Mastodon post 2 failed: 403
  ❌ Mastodon post 3 failed: 403

==================================================
✅ Promotion cycle complete!

💡 2 platform(s) not configured yet.
   Posts were saved to .txt files — copy-paste them manually!
   To enable auto-posting, fill in API keys in this script.
==================================================
[Sat Feb 28 08:01:36 AM PST 2026] Store Update Complete.
-----------------------------------
[Mon Mar  2 07:36:49 PM PST 2026] Starting Daily Store Update...
[Mon Mar  2 07:37:24 PM PST 2026] Starting Daily Store Update...
Failed to fetch BensBargains: 404
Scraping Shopify source: Ridge Gear...
Error scraping Shopify Ridge Gear: list index out of range
Scraping Shopify source: Master & Dynamic...
Scraping Shopify source: Ugmonk...

⚡ Resolving 88 redirects in parallel (20 workers)...
  Resolved 10/88...
  Resolved 20/88...
  Resolved 30/88...
  Resolved 40/88...
  Resolved 50/88...
  Resolved 60/88...
  Resolved 70/88...
  Resolved 80/88...

📊 Link Stats: 17/105 deals have DIRECT retailer links (earns commission)
Saved 105 deals to /home/hawkatoad/Desktop/anti gravity/passive-income-store/automation/raw_deals.json

============================================================
💰 POTENTIAL EARNINGS REPORT (ESTIMATED)
============================================================
Total Active Deals: 105
  - Direct Retailer Links: 17 (Higher Margin)
  - Aggregator Links:      88 (Volume Play)
------------------------------------------------------------
Est. Daily Revenue Potential: $2.14
============================================================

Enhanced 60 deals.
🤖 Social Media Promoter v2.0 Starting...
Daily post generated at /home/hawkatoad/Desktop/anti gravity/passive-income-store/automation/daily_post.txt
------------------------------
🔥 TODAY'S TOP DEALS from Tech and More! 🔥

1. Must-Have: 132-Oz Tide Ultra Hygienic Clean Liquid Laundry Detergent (Original, 94 Loads) 4 fot $44.50 w/ Subscribe & Save
👉 Grab it here: https://slickdeals.net/f/19264765-sns-ac-44-49-4-132-oz-tide-ultra-hygienic-clean-liquid-laundry-detergent-original-94-loads-11-12-each-at-amazon?utm_source=rss&utm_content=fp&utm_medium=RSS2&ref=money_maker_2026

2. Premium: New: Analog Dot Grid Cards - Small (6-Pack) $69.00
👉 Grab it here: https://ugmonk.com/products/analog-dot-grid-cards-6-pack?ref=moment_partner_2026

3. Exclusive: Dell Refurbished Store Coupon: 55% off any Dell Latitude 5320 laptop + free shipping
👉 Grab it here: https://www.dealnews.com/Dell-Refurbished-Store-Coupon-55-off-any-Dell-Latitude-5320-laptop-free-shipping/21701784.html?iref=rss-c49&ref=money_maker_2026

Check out the full store for more: https://lunus420.github.io/passive-income-store/
#TechAndMore #Deals #Tech #Shopping #SaveMoney
------------------------------
✅ Promotion Update Complete!
Successfully updated products.js with fresh deals.
✅ Loaded configuration from config.json
==================================================
🤖 Tech and More — Auto Promotion Bot
📅 2026-03-02 19:37
==================================================

📦 Loaded 60 deals

🐦 Twitter/X:
⚠️  Twitter not configured. Saving posts to twitter_posts.txt instead.
  📄 Saved 3 posts to twitter_posts.txt

🟠 Reddit:
⚠️  Reddit not configured. Saving posts to reddit_posts.txt instead.
  📄 Saved 3 posts to reddit_posts.txt

🐘 Mastodon:
  ❌ Mastodon post 1 failed: 403
  ❌ Mastodon post 2 failed: 403
  ❌ Mastodon post 3 failed: 403

==================================================
✅ Promotion cycle complete!

💡 2 platform(s) not configured yet.
   Posts were saved to .txt files — copy-paste them manually!
   To enable auto-posting, fill in API keys in this script.
==================================================
[Mon Mar  2 07:38:04 PM PST 2026] Store Update Complete.
-----------------------------------
Failed to fetch BensBargains: 404
Scraping Shopify source: Ridge Gear...
Error scraping Shopify Ridge Gear: list index out of range
Scraping Shopify source: Master & Dynamic...
Scraping Shopify source: Ugmonk...

⚡ Resolving 88 redirects in parallel (20 workers)...
  Resolved 10/88...
  Resolved 20/88...
  Resolved 30/88...
  Resolved 40/88...
  Resolved 50/88...
  Resolved 60/88...
  Resolved 70/88...
  Resolved 80/88...

📊 Link Stats: 17/105 deals have DIRECT retailer links (earns commission)
Saved 105 deals to /home/hawkatoad/Desktop/anti gravity/passive-income-store/automation/raw_deals.json

============================================================
💰 POTENTIAL EARNINGS REPORT (ESTIMATED)
============================================================
Total Active Deals: 105
  - Direct Retailer Links: 17 (Higher Margin)
  - Aggregator Links:      88 (Volume Play)
------------------------------------------------------------
Est. Daily Revenue Potential: $2.14
============================================================

Enhanced 60 deals.
🤖 Social Media Promoter v2.0 Starting...
Daily post generated at /home/hawkatoad/Desktop/anti gravity/passive-income-store/automation/daily_post.txt
------------------------------
💰 SAVE BIG TODAY: Tech and More Highlights 💰

1. Unbeatable: 14.75-Oz Bumble Bee Premium Wild Pink Salmon $2.10 w/ Subscribe & Save
👉 Grab it here: https://www.amazon.com/Bumble-Bee-Pink-Salmon-14-75/dp/B000RUQSQI/ref=sr_1_53?crid=5IR0X77FZB4X&dib=&tag=bigterry20036-20

2. Insane: Dell Alienware Aurora 16" Intel Core 7 Gaming Laptop w/ NVIDIA GeForce RTX 5050 and 512GB SSD for $1,000 + free shipping
👉 Grab it here: https://www.dealnews.com/Dell-Alienware-Aurora-16-Intel-Core-7-Gaming-Laptop-w-NVIDIA-Ge-Force-RTX-5050-and-512-GB-SSD-for-1-000-free-shipping/21811655.html?iref=rss-c49&ref=money_maker_2026

3. Exclusive: Dell 15 13th-Gen. i5 15.6" Laptop for $400 + free shipping
👉 Grab it here: https://www.dealnews.com/products/Dell/Dell-15-13-th-Gen-i5-15-6-Laptop/497687.html?iref=rss-c49&ref=money_maker_2026

Check out the full store for more: https://lunus420.github.io/passive-income-store/
#TechAndMore #Deals #Tech #Shopping #SaveMoney
------------------------------
✅ Promotion Update Complete!
Successfully updated products.js with fresh deals.
✅ Loaded configuration from config.json
==================================================
🤖 Tech and More — Auto Promotion Bot
📅 2026-03-02 19:38
==================================================

📦 Loaded 60 deals

🐦 Twitter/X:
⚠️  Twitter not configured. Saving posts to twitter_posts.txt instead.
  📄 Saved 3 posts to twitter_posts.txt

🟠 Reddit:
⚠️  Reddit not configured. Saving posts to reddit_posts.txt instead.
  📄 Saved 3 posts to reddit_posts.txt

🐘 Mastodon:
  ❌ Mastodon post 1 failed: 403
  ❌ Mastodon post 2 failed: 403
  ❌ Mastodon post 3 failed: 403

==================================================
✅ Promotion cycle complete!

💡 2 platform(s) not configured yet.
   Posts were saved to .txt files — copy-paste them manually!
   To enable auto-posting, fill in API keys in this script.
==================================================
[Mon Mar  2 07:38:28 PM PST 2026] Store Update Complete.
-----------------------------------
