
--- 2026-02-21 12:09 ---
💰 Save big! Must-Have: ZURU XSHOT Insanity Motorized Rage Fire Toy Dart Blaster w/ 72 Darts  for only Check Site

Shop now → https://slickdeals.net/f/19234255-xshot-insanity-motorized-rage-fire-72-darts-air-pocket-technology-outdoor-blaster-by-zuru-ages-8-23-5?utm_source=rss&u...
🔥 Must-Have: 55" TCL 55S41CG 4K UHD LED 60 Hz Smart Google TV $198 + Free Shipping — Check Site

👉 https://slickdeals.net/f/19234204-tcl-55-class-s41cg-series-4k-uhd-led-smart-google-tv-limited-edition-dolby-vision-hdr-dolby-atmos-55s41cg-198?utm_source=rss&utm_content=fp&utm_...
🚨 DEAL ALERT: Viral: eufy Security by Anker SmartTrack Link 2-Pack for iOS for $20 + free ship just dropped to Check Site!

🛒 https://www.dealnews.com/products/eufy/eufy-Security-by-Anker-Smart-Track-Link-2-Pack-for-iOS/497752.html?iref=rss-c142&ref=money_maker_2026

#TechAndM...

--- 2026-02-21 12:09 ---
r/deals
[Deal] Must-Have: ZURU XSHOT Insanity Motorized Rage Fire Toy Dart Blaster w/ 72 Darts & Tripod $23.50 + Free Store Pickup — Check Site
**Must-Have: ZURU XSHOT Insanity Motorized Rage Fire Toy Dart Blaster w/ 72 Darts & Tripod $23.50 + Free Store Pickup** — Check Site



👉 [Get the deal here](https://slickdeals.net/f/19234255-xshot-insanity-motorized-rage-fire-72-darts-air-pocket-technology-outdoor-blaster-by-zuru-ages-8-23-5?utm_source=rss&utm_content=fp&utm_medium=RSS2&ref=money_maker_2026)

*Found on [Tech and More](https://lunus420.github.io/passive-income-store/) — daily curated tech deals from Amazon, Best Buy, eBay & more.*

r/DealsReddit
[Deal] Must-Have: ZURU XSHOT Insanity Motorized Rage Fire Toy Dart Blaster w/ 72 Darts & Tripod $23.50 + Free Store Pickup — Check Site
**Must-Have: ZURU XSHOT Insanity Motorized Rage Fire Toy Dart Blaster w/ 72 Darts & Tripod $23.50 + Free Store Pickup** — Check Site



👉 [Get the deal here](https://slickdeals.net/f/19234255-xshot-insanity-motorized-rage-fire-72-darts-air-pocket-technology-outdoor-blaster-by-zuru-ages-8-23-5?utm_source=rss&utm_content=fp&utm_medium=RSS2&ref=money_maker_2026)

*Found on [Tech and More](https://lunus420.github.io/passive-income-store/) — daily curated tech deals from Amazon, Best Buy, eBay & more.*

r/frugal
[Deal] Must-Have: ZURU XSHOT Insanity Motorized Rage Fire Toy Dart Blaster w/ 72 Darts & Tripod $23.50 + Free Store Pickup — Check Site
**Must-Have: ZURU XSHOT Insanity Motorized Rage Fire Toy Dart Blaster w/ 72 Darts & Tripod $23.50 + Free Store Pickup** — Check Site



👉 [Get the deal here](https://slickdeals.net/f/19234255-xshot-insanity-motorized-rage-fire-72-darts-air-pocket-technology-outdoor-blaster-by-zuru-ages-8-23-5?utm_source=rss&utm_content=fp&utm_medium=RSS2&ref=money_maker_2026)

*Found on [Tech and More](https://lunus420.github.io/passive-income-store/) — daily curated tech deals from Amazon, Best Buy, eBay & more.*


--- 2026-02-22 08:00 ---
🚨 DEAL ALERT: Epic: TP-Link Tapo RV30 Max Plus 5300Pa LiDAR Robot Vacuum & Mop w/ Self-Emptyin just dropped to Check Site!

🛒 https://slickdeals.net/f/19234126-tp-link-tapo-rv30-max-plus-lidar-robot-vacuum-mop-with-auto-empty-dock-162-00-free-shipping?utm_source=rss&utm_conten...
🔥 Epic: Refurb Samsung QN50LS03DA The Frame 50" 4K QLED Smart TV  for $575 + free  — Check Site

👉 https://www.dealnews.com/products/Samsung/Samsung-QN50-LS03-DA-The-Frame-50-4-K-QLED-Smart-TV/474728.html?iref=rss-c142&ref=money_maker_2026

#TechAndMore #Deals #Tech #SaveMoney
⚡ Today's steal: Exclusive: 18' Ernie Ball Braided Straight/Angle Instrument Cable $20.35 
💲 Check Site

https://slickdeals.net/f/19219162-20-33-ernie-ball-braided-instrument-cable-straight-angle-18ft-black-p06086-at-amazon?utm_source=rss&utm_content=fp&utm_medium=RSS2&ref=mon...

--- 2026-02-22 08:00 ---
r/deals
[Deal] Epic: TP-Link Tapo RV30 Max Plus 5300Pa LiDAR Robot Vacuum & Mop w/ Self-Emptying Dock $162 + Free Shipping — Check Site
**Epic: TP-Link Tapo RV30 Max Plus 5300Pa LiDAR Robot Vacuum & Mop w/ Self-Emptying Dock $162 + Free Shipping** — Check Site



👉 [Get the deal here](https://slickdeals.net/f/19234126-tp-link-tapo-rv30-max-plus-lidar-robot-vacuum-mop-with-auto-empty-dock-162-00-free-shipping?utm_source=rss&utm_content=fp&utm_medium=RSS2&ref=money_maker_2026)

*Found on [Tech and More](https://lunus420.github.io/passive-income-store/) — daily curated tech deals from Amazon, Best Buy, eBay & more.*

r/DealsReddit
[Deal] Epic: TP-Link Tapo RV30 Max Plus 5300Pa LiDAR Robot Vacuum & Mop w/ Self-Emptying Dock $162 + Free Shipping — Check Site
**Epic: TP-Link Tapo RV30 Max Plus 5300Pa LiDAR Robot Vacuum & Mop w/ Self-Emptying Dock $162 + Free Shipping** — Check Site



👉 [Get the deal here](https://slickdeals.net/f/19234126-tp-link-tapo-rv30-max-plus-lidar-robot-vacuum-mop-with-auto-empty-dock-162-00-free-shipping?utm_source=rss&utm_content=fp&utm_medium=RSS2&ref=money_maker_2026)

*Found on [Tech and More](https://lunus420.github.io/passive-income-store/) — daily curated tech deals from Amazon, Best Buy, eBay & more.*

r/frugal
[Deal] Epic: TP-Link Tapo RV30 Max Plus 5300Pa LiDAR Robot Vacuum & Mop w/ Self-Emptying Dock $162 + Free Shipping — Check Site
**Epic: TP-Link Tapo RV30 Max Plus 5300Pa LiDAR Robot Vacuum & Mop w/ Self-Emptying Dock $162 + Free Shipping** — Check Site



👉 [Get the deal here](https://slickdeals.net/f/19234126-tp-link-tapo-rv30-max-plus-lidar-robot-vacuum-mop-with-auto-empty-dock-162-00-free-shipping?utm_source=rss&utm_content=fp&utm_medium=RSS2&ref=money_maker_2026)

*Found on [Tech and More](https://lunus420.github.io/passive-income-store/) — daily curated tech deals from Amazon, Best Buy, eBay & more.*


--- 2026-02-23 08:00 ---
🚨 DEAL ALERT: Premium: NEXT Joy-Con 2 Charging Grip for Nintendo Switch 2 (Black) $13 + Free S just dropped to Check Site!

🛒 https://slickdeals.net/f/19239886-next-joy-con-2-charging-grip-nintendo-switch-2-12-99-free-shipping?utm_source=rss&utm_content=fp&utm_medium=RSS2&ref=...
⚡ Today's steal: Epic: Dell AMD Ryzen AI 5 14" Laptop + free shipping
💲 Check Site

https://www.dealnews.com/Dell-AMD-Ryzen-AI-5-14-Laptop-free-shipping/21810986.html?iref=rss-c49&ref=money_maker_2026

#TechAndMore #Shopping #Deals
💰 Save big! Premium: Dell 14 Plus Core Ultra 7 256V 14" Laptop w/ 16GB RAM & 1TB SSD for $75 for only Check Site

Shop now → https://www.dealnews.com/products/Dell/Dell-14-Plus-Core-Ultra-7-256-V-14-Laptop-w-16-GB-RAM-1-TB-SSD/496595.html?iref=rss-c49&ref=money_maker_2026

#Te...

--- 2026-02-23 08:00 ---
r/deals
[Deal] Premium: NEXT Joy-Con 2 Charging Grip for Nintendo Switch 2 (Black) $13 + Free Shipping — Check Site
**Premium: NEXT Joy-Con 2 Charging Grip for Nintendo Switch 2 (Black) $13 + Free Shipping** — Check Site



👉 [Get the deal here](https://slickdeals.net/f/19239886-next-joy-con-2-charging-grip-nintendo-switch-2-12-99-free-shipping?utm_source=rss&utm_content=fp&utm_medium=RSS2&ref=money_maker_2026)

*Found on [Tech and More](https://lunus420.github.io/passive-income-store/) — daily curated tech deals from Amazon, Best Buy, eBay & more.*

r/DealsReddit
[Deal] Premium: NEXT Joy-Con 2 Charging Grip for Nintendo Switch 2 (Black) $13 + Free Shipping — Check Site
**Premium: NEXT Joy-Con 2 Charging Grip for Nintendo Switch 2 (Black) $13 + Free Shipping** — Check Site



👉 [Get the deal here](https://slickdeals.net/f/19239886-next-joy-con-2-charging-grip-nintendo-switch-2-12-99-free-shipping?utm_source=rss&utm_content=fp&utm_medium=RSS2&ref=money_maker_2026)

*Found on [Tech and More](https://lunus420.github.io/passive-income-store/) — daily curated tech deals from Amazon, Best Buy, eBay & more.*

r/frugal
[Deal] Premium: NEXT Joy-Con 2 Charging Grip for Nintendo Switch 2 (Black) $13 + Free Shipping — Check Site
**Premium: NEXT Joy-Con 2 Charging Grip for Nintendo Switch 2 (Black) $13 + Free Shipping** — Check Site



👉 [Get the deal here](https://slickdeals.net/f/19239886-next-joy-con-2-charging-grip-nintendo-switch-2-12-99-free-shipping?utm_source=rss&utm_content=fp&utm_medium=RSS2&ref=money_maker_2026)

*Found on [Tech and More](https://lunus420.github.io/passive-income-store/) — daily curated tech deals from Amazon, Best Buy, eBay & more.*


--- 2026-02-24 08:00 ---
💰 Save big! Premium: HP N200 15.6" Laptop for $144 + free shipping for only Check Site

Shop now → https://www.dealnews.com/HP-N200-15-6-Laptop-for-144-free-shipping/21812181.html?iref=rss-c49&ref=money_maker_2026

#TechDeals #TechAndMore
🔥 Must-Have: Refurb Unlocked Apple iPhone 14 Pro 128GB Smartphone for $345 + free  — Check Site

👉 https://www.dealnews.com/products/Apple/Unlocked-Apple-iPhone-14-Pro-128-GB-Smartphone/474727.html?iref=rss-c142&ref=money_maker_2026

#TechAndMore #Deals #Tech #SaveMoney
🚨 DEAL ALERT: Must-Have: Acer Aspire Go 15.6" Ryzen 7 Touchscreen Laptop w/ 1TB SSD for $600 + just dropped to Check Site!

🛒 https://www.dealnews.com/products/Acer/Acer-Aspire-Go-15-6-Ryzen-7-Touchscreen-Laptop-w-1-TB-SSD/497615.html?iref=rss-c49&ref=money_maker_2026

#TechAn...

--- 2026-02-24 08:00 ---
r/deals
[Deal] Premium: HP N200 15.6" Laptop for $144 + free shipping — Check Site
**Premium: HP N200 15.6" Laptop for $144 + free shipping** — Check Site



👉 [Get the deal here](https://www.dealnews.com/HP-N200-15-6-Laptop-for-144-free-shipping/21812181.html?iref=rss-c49&ref=money_maker_2026)

*Found on [Tech and More](https://lunus420.github.io/passive-income-store/) — daily curated tech deals from Amazon, Best Buy, eBay & more.*

r/DealsReddit
[Deal] Premium: HP N200 15.6" Laptop for $144 + free shipping — Check Site
**Premium: HP N200 15.6" Laptop for $144 + free shipping** — Check Site



👉 [Get the deal here](https://www.dealnews.com/HP-N200-15-6-Laptop-for-144-free-shipping/21812181.html?iref=rss-c49&ref=money_maker_2026)

*Found on [Tech and More](https://lunus420.github.io/passive-income-store/) — daily curated tech deals from Amazon, Best Buy, eBay & more.*

r/frugal
[Deal] Premium: HP N200 15.6" Laptop for $144 + free shipping — Check Site
**Premium: HP N200 15.6" Laptop for $144 + free shipping** — Check Site



👉 [Get the deal here](https://www.dealnews.com/HP-N200-15-6-Laptop-for-144-free-shipping/21812181.html?iref=rss-c49&ref=money_maker_2026)

*Found on [Tech and More](https://lunus420.github.io/passive-income-store/) — daily curated tech deals from Amazon, Best Buy, eBay & more.*


--- 2026-02-26 08:01 ---
🔥 Insane: Select Accts: 90-Count Amazon Basics Tall Kitchen Drawstring Trash Bags  — Check Site

👉 https://slickdeals.net/f/19249357-sns-ac-8-05-90-count-amazon-basics-13-gallon-flextra-tall-kitchen-drawstring-trash-bags-clean-fresh-at-amazon-8-9-each?utm_source=rss&utm_conten...
⚡ Today's steal: Insane: New: MW09 TUMI $450.00
💲 Check Site

https://www.masterdynamic.com/products/mw09-tumi?ref=moment_partner_2026

#TechAndMore #Shopping #Deals
🔥 Epic: 28.8 REESE'S Assorted Flavored Snack Size Peanut Butter Eggs 2 for $18.90  — Check Site

👉 https://slickdeals.net/f/19248628-ac-18-77-2-28-8-oz-reese-s-assorted-flavored-snack-size-peanut-butter-eggs-9-38-each-at-amazon?utm_source=rss&utm_content=fp&utm_medium=RSS2&ref...

--- 2026-02-26 08:01 ---
r/deals
[Deal] Insane: Select Accts: 90-Count Amazon Basics Tall Kitchen Drawstring Trash Bags $8.05 w/ Subscribe & Save — Check Site
**Insane: Select Accts: 90-Count Amazon Basics Tall Kitchen Drawstring Trash Bags $8.05 w/ Subscribe & Save** — Check Site



👉 [Get the deal here](https://slickdeals.net/f/19249357-sns-ac-8-05-90-count-amazon-basics-13-gallon-flextra-tall-kitchen-drawstring-trash-bags-clean-fresh-at-amazon-8-9-each?utm_source=rss&utm_content=fp&utm_medium=RSS2&ref=money_maker_2026)

*Found on [Tech and More](https://lunus420.github.io/passive-income-store/) — daily curated tech deals from Amazon, Best Buy, eBay & more.*

r/DealsReddit
[Deal] Insane: Select Accts: 90-Count Amazon Basics Tall Kitchen Drawstring Trash Bags $8.05 w/ Subscribe & Save — Check Site
**Insane: Select Accts: 90-Count Amazon Basics Tall Kitchen Drawstring Trash Bags $8.05 w/ Subscribe & Save** — Check Site



👉 [Get the deal here](https://slickdeals.net/f/19249357-sns-ac-8-05-90-count-amazon-basics-13-gallon-flextra-tall-kitchen-drawstring-trash-bags-clean-fresh-at-amazon-8-9-each?utm_source=rss&utm_content=fp&utm_medium=RSS2&ref=money_maker_2026)

*Found on [Tech and More](https://lunus420.github.io/passive-income-store/) — daily curated tech deals from Amazon, Best Buy, eBay & more.*

r/frugal
[Deal] Insane: Select Accts: 90-Count Amazon Basics Tall Kitchen Drawstring Trash Bags $8.05 w/ Subscribe & Save — Check Site
**Insane: Select Accts: 90-Count Amazon Basics Tall Kitchen Drawstring Trash Bags $8.05 w/ Subscribe & Save** — Check Site



👉 [Get the deal here](https://slickdeals.net/f/19249357-sns-ac-8-05-90-count-amazon-basics-13-gallon-flextra-tall-kitchen-drawstring-trash-bags-clean-fresh-at-amazon-8-9-each?utm_source=rss&utm_content=fp&utm_medium=RSS2&ref=money_maker_2026)

*Found on [Tech and More](https://lunus420.github.io/passive-income-store/) — daily curated tech deals from Amazon, Best Buy, eBay & more.*


--- 2026-02-28 08:01 ---
💰 Save big! Viral: 75" LG UT75 Series LED 4K UHD Smart webOS TV (2024) $350 + Free Store Pic for only Check Site

Shop now → https://slickdeals.net/f/19256935-lg-75-class-ut75-series-led-4k-uhd-smart-webos-tv-350?utm_source=rss&utm_content=fp&utm_medium=RSS2&ref=money_maker_20...
🚨 DEAL ALERT: Epic: Dell AMD Ryzen AI 5 14" Laptop + free shipping just dropped to Check Site!

🛒 https://www.dealnews.com/Dell-AMD-Ryzen-AI-5-14-Laptop-free-shipping/21810986.html?iref=rss-c49&ref=money_maker_2026

#TechAndMore #DailyDeals
⚡ Today's steal: Unbeatable: COSJM Portable Magnetic 320 LED Rechargeable 10,000 Lumen Work Light
💲 Check Site

https://www.walmart.com/ip/12000m...519125?sel&ref=money_maker_2026

#TechAndMore #Shopping #Deals

--- 2026-02-28 08:01 ---
r/deals
[Deal] Viral: 75" LG UT75 Series LED 4K UHD Smart webOS TV (2024) $350 + Free Store Pickup — Check Site
**Viral: 75" LG UT75 Series LED 4K UHD Smart webOS TV (2024) $350 + Free Store Pickup** — Check Site



👉 [Get the deal here](https://slickdeals.net/f/19256935-lg-75-class-ut75-series-led-4k-uhd-smart-webos-tv-350?utm_source=rss&utm_content=fp&utm_medium=RSS2&ref=money_maker_2026)

*Found on [Tech and More](https://lunus420.github.io/passive-income-store/) — daily curated tech deals from Amazon, Best Buy, eBay & more.*

r/DealsReddit
[Deal] Viral: 75" LG UT75 Series LED 4K UHD Smart webOS TV (2024) $350 + Free Store Pickup — Check Site
**Viral: 75" LG UT75 Series LED 4K UHD Smart webOS TV (2024) $350 + Free Store Pickup** — Check Site



👉 [Get the deal here](https://slickdeals.net/f/19256935-lg-75-class-ut75-series-led-4k-uhd-smart-webos-tv-350?utm_source=rss&utm_content=fp&utm_medium=RSS2&ref=money_maker_2026)

*Found on [Tech and More](https://lunus420.github.io/passive-income-store/) — daily curated tech deals from Amazon, Best Buy, eBay & more.*

r/frugal
[Deal] Viral: 75" LG UT75 Series LED 4K UHD Smart webOS TV (2024) $350 + Free Store Pickup — Check Site
**Viral: 75" LG UT75 Series LED 4K UHD Smart webOS TV (2024) $350 + Free Store Pickup** — Check Site



👉 [Get the deal here](https://slickdeals.net/f/19256935-lg-75-class-ut75-series-led-4k-uhd-smart-webos-tv-350?utm_source=rss&utm_content=fp&utm_medium=RSS2&ref=money_maker_2026)

*Found on [Tech and More](https://lunus420.github.io/passive-income-store/) — daily curated tech deals from Amazon, Best Buy, eBay & more.*


--- 2026-03-02 19:37 ---
🔥 Must-Have: 132-Oz Tide Ultra Hygienic Clean Liquid Laundry Detergent (Original,  — Check Site

👉 https://slickdeals.net/f/19264765-sns-ac-44-49-4-132-oz-tide-ultra-hygienic-clean-liquid-laundry-detergent-original-94-loads-11-12-each-at-amazon?utm_source=rss&utm_content=fp&ut...
🚨 DEAL ALERT: Premium: New: Analog Dot Grid Cards - Small (6-Pack) $69.00 just dropped to Check Site!

🛒 https://ugmonk.com/products/analog-dot-grid-cards-6-pack?ref=moment_partner_2026

#TechAndMore #DailyDeals
🔥 Exclusive: Dell Refurbished Store Coupon: 55% off any Dell Latitude 5320 laptop  — Check Site

👉 https://www.dealnews.com/Dell-Refurbished-Store-Coupon-55-off-any-Dell-Latitude-5320-laptop-free-shipping/21701784.html?iref=rss-c49&ref=money_maker_2026

#TechAndMore #Deals #Te...

--- 2026-03-02 19:37 ---
r/deals
[Deal] Must-Have: 132-Oz Tide Ultra Hygienic Clean Liquid Laundry Detergent (Original, 94 Loads) 4 fot $44.50 w/ Subscribe & Save — Check Site
**Must-Have: 132-Oz Tide Ultra Hygienic Clean Liquid Laundry Detergent (Original, 94 Loads) 4 fot $44.50 w/ Subscribe & Save** — Check Site



👉 [Get the deal here](https://slickdeals.net/f/19264765-sns-ac-44-49-4-132-oz-tide-ultra-hygienic-clean-liquid-laundry-detergent-original-94-loads-11-12-each-at-amazon?utm_source=rss&utm_content=fp&utm_medium=RSS2&ref=money_maker_2026)

*Found on [Tech and More](https://lunus420.github.io/passive-income-store/) — daily curated tech deals from Amazon, Best Buy, eBay & more.*

r/DealsReddit
[Deal] Must-Have: 132-Oz Tide Ultra Hygienic Clean Liquid Laundry Detergent (Original, 94 Loads) 4 fot $44.50 w/ Subscribe & Save — Check Site
**Must-Have: 132-Oz Tide Ultra Hygienic Clean Liquid Laundry Detergent (Original, 94 Loads) 4 fot $44.50 w/ Subscribe & Save** — Check Site



👉 [Get the deal here](https://slickdeals.net/f/19264765-sns-ac-44-49-4-132-oz-tide-ultra-hygienic-clean-liquid-laundry-detergent-original-94-loads-11-12-each-at-amazon?utm_source=rss&utm_content=fp&utm_medium=RSS2&ref=money_maker_2026)

*Found on [Tech and More](https://lunus420.github.io/passive-income-store/) — daily curated tech deals from Amazon, Best Buy, eBay & more.*

r/frugal
[Deal] Must-Have: 132-Oz Tide Ultra Hygienic Clean Liquid Laundry Detergent (Original, 94 Loads) 4 fot $44.50 w/ Subscribe & Save — Check Site
**Must-Have: 132-Oz Tide Ultra Hygienic Clean Liquid Laundry Detergent (Original, 94 Loads) 4 fot $44.50 w/ Subscribe & Save** — Check Site



👉 [Get the deal here](https://slickdeals.net/f/19264765-sns-ac-44-49-4-132-oz-tide-ultra-hygienic-clean-liquid-laundry-detergent-original-94-loads-11-12-each-at-amazon?utm_source=rss&utm_content=fp&utm_medium=RSS2&ref=money_maker_2026)

*Found on [Tech and More](https://lunus420.github.io/passive-income-store/) — daily curated tech deals from Amazon, Best Buy, eBay & more.*


--- 2026-03-02 19:38 ---
🔥 Unbeatable: 14.75-Oz Bumble Bee Premium Wild Pink Salmon $2.10 w/ Subscribe & Sa — Check Site

👉 https://www.amazon.com/Bumble-Bee-Pink-Salmon-14-75/dp/B000RUQSQI/ref=sr_1_53?crid=5IR0X77FZB4X&dib=&tag=bigterry20036-20

#TechAndMore #Deals #Tech #SaveMoney
🔥 Insane: Dell Alienware Aurora 16" Intel Core 7 Gaming Laptop w/ NVIDIA GeForce R — Check Site

👉 https://www.dealnews.com/Dell-Alienware-Aurora-16-Intel-Core-7-Gaming-Laptop-w-NVIDIA-Ge-Force-RTX-5050-and-512-GB-SSD-for-1-000-free-shipping/21811655.html?iref=rss-c49&ref=mone...
⚡ Today's steal: Exclusive: Dell 15 13th-Gen. i5 15.6" Laptop for $400 + free shipping
💲 Check Site

https://www.dealnews.com/products/Dell/Dell-15-13-th-Gen-i5-15-6-Laptop/497687.html?iref=rss-c49&ref=money_maker_2026

#TechAndMore #Shopping #Deals

--- 2026-03-02 19:38 ---
r/deals
[Deal] Unbeatable: 14.75-Oz Bumble Bee Premium Wild Pink Salmon $2.10 w/ Subscribe & Save — Check Site
**Unbeatable: 14.75-Oz Bumble Bee Premium Wild Pink Salmon $2.10 w/ Subscribe & Save** — Check Site



👉 [Get the deal here](https://www.amazon.com/Bumble-Bee-Pink-Salmon-14-75/dp/B000RUQSQI/ref=sr_1_53?crid=5IR0X77FZB4X&dib=&tag=bigterry20036-20)

*Found on [Tech and More](https://lunus420.github.io/passive-income-store/) — daily curated tech deals from Amazon, Best Buy, eBay & more.*

r/DealsReddit
[Deal] Unbeatable: 14.75-Oz Bumble Bee Premium Wild Pink Salmon $2.10 w/ Subscribe & Save — Check Site
**Unbeatable: 14.75-Oz Bumble Bee Premium Wild Pink Salmon $2.10 w/ Subscribe & Save** — Check Site



👉 [Get the deal here](https://www.amazon.com/Bumble-Bee-Pink-Salmon-14-75/dp/B000RUQSQI/ref=sr_1_53?crid=5IR0X77FZB4X&dib=&tag=bigterry20036-20)

*Found on [Tech and More](https://lunus420.github.io/passive-income-store/) — daily curated tech deals from Amazon, Best Buy, eBay & more.*

r/frugal
[Deal] Unbeatable: 14.75-Oz Bumble Bee Premium Wild Pink Salmon $2.10 w/ Subscribe & Save — Check Site
**Unbeatable: 14.75-Oz Bumble Bee Premium Wild Pink Salmon $2.10 w/ Subscribe & Save** — Check Site



👉 [Get the deal here](https://www.amazon.com/Bumble-Bee-Pink-Salmon-14-75/dp/B000RUQSQI/ref=sr_1_53?crid=5IR0X77FZB4X&dib=&tag=bigterry20036-20)

*Found on [Tech and More](https://lunus420.github.io/passive-income-store/) — daily curated tech deals from Amazon, Best Buy, eBay & more.*


--- 2026-03-02 22:00 ---
🔥 Exclusive: 100' Triberion 550 lb 5/32" 7-Strand Paracord Rope Parachute Cord (Ca — $4.60

👉 https://slickdeals.net/f/19264426-triberion-100-550-lb-paracord-camo-green-4-61-free-shipping-w-prime-or-on-35?utm_source=rss&utm_content=fp&utm_medium=RSS2&ref=money_maker_2026

#Tec...
💰 Save big! Insane: 4-Pack Motorola moto tag Bluetooth Tracking Device for Android w/ UWB Su for only $60

Shop now → https://slickdeals.net/f/19265491-4-pack-moto-tag-starlight-blue-sage-green-59-99-free-shipping?utm_source=rss&utm_content=fp&utm_medium=RSS2&ref=money_maker_2...
💰 Save big! Must-Have: Surge Protector Power Strip w/ 6-Foot Cord for $14 + free shipping w/ for only $14

Shop now → https://www.dealnews.com/Surge-Protector-Power-Strip-w-6-Foot-Cord-for-14-free-shipping-w-Prime/21813610.html?iref=rss-c142&ref=money_maker_2026

#TechDeals #T...

--- 2026-03-02 22:00 ---
r/deals
[Deal] Exclusive: 100' Triberion 550 lb 5/32" 7-Strand Paracord Rope Parachute Cord (Camo Green) $4.60  — $4.60
**Exclusive: 100' Triberion 550 lb 5/32" 7-Strand Paracord Rope Parachute Cord (Camo Green) $4.60 ** — $4.60



👉 [Get the deal here](https://slickdeals.net/f/19264426-triberion-100-550-lb-paracord-camo-green-4-61-free-shipping-w-prime-or-on-35?utm_source=rss&utm_content=fp&utm_medium=RSS2&ref=money_maker_2026)

*Found on [Tech and More](https://lunus420.github.io/passive-income-store/) — daily curated tech deals from Amazon, Best Buy, eBay & more.*

r/DealsReddit
[Deal] Exclusive: 100' Triberion 550 lb 5/32" 7-Strand Paracord Rope Parachute Cord (Camo Green) $4.60  — $4.60
**Exclusive: 100' Triberion 550 lb 5/32" 7-Strand Paracord Rope Parachute Cord (Camo Green) $4.60 ** — $4.60



👉 [Get the deal here](https://slickdeals.net/f/19264426-triberion-100-550-lb-paracord-camo-green-4-61-free-shipping-w-prime-or-on-35?utm_source=rss&utm_content=fp&utm_medium=RSS2&ref=money_maker_2026)

*Found on [Tech and More](https://lunus420.github.io/passive-income-store/) — daily curated tech deals from Amazon, Best Buy, eBay & more.*

r/frugal
[Deal] Exclusive: 100' Triberion 550 lb 5/32" 7-Strand Paracord Rope Parachute Cord (Camo Green) $4.60  — $4.60
**Exclusive: 100' Triberion 550 lb 5/32" 7-Strand Paracord Rope Parachute Cord (Camo Green) $4.60 ** — $4.60



👉 [Get the deal here](https://slickdeals.net/f/19264426-triberion-100-550-lb-paracord-camo-green-4-61-free-shipping-w-prime-or-on-35?utm_source=rss&utm_content=fp&utm_medium=RSS2&ref=money_maker_2026)

*Found on [Tech and More](https://lunus420.github.io/passive-income-store/) — daily curated tech deals from Amazon, Best Buy, eBay & more.*

